This file contains any messages produced by compilers while
running configure, to aid debugging if configure makes a mistake.

It was created by TinyMUX configure 2.12, which was
generated by GNU Autoconf 2.68.  Invocation command line was

  $ ./configure --enable-stubslave

## --------- ##
## Platform. ##
## --------- ##

hostname = Yui
uname -m = x86_64
uname -r = 4.3.3-3-ARCH
uname -s = Linux
uname -v = #1 SMP PREEMPT Wed Jan 20 08:12:23 CET 2016

/usr/bin/uname -p = unknown
/bin/uname -X     = unknown

/bin/arch              = unknown
/usr/bin/arch -k       = unknown
/usr/convex/getsysinfo = unknown
/usr/bin/hostinfo      = unknown
/bin/machine           = unknown
/usr/bin/oslevel       = unknown
/bin/universe          = unknown

PATH: /usr/local/sbin
PATH: /usr/local/bin
PATH: /usr/bin
PATH: /usr/lib/jvm/default/bin
PATH: /usr/bin/site_perl
PATH: /usr/bin/vendor_perl
PATH: /usr/bin/core_perl


## ----------- ##
## Core tests. ##
## ----------- ##

configure:2562: checking whether to enable Reality Levels
configure:2581: result: no
configure:2591: checking whether to enable WOD Realms
configure:2607: result: no
configure:2614: checking whether to enable Memory-Based Database
configure:2630: result: no
configure:2637: checking whether to enable Stub Slave
configure:2648: result: yes
configure:2662: checking whether to enable Firan MUX
configure:2679: result: no
configure:2687: checking whether to enable inline MySQL
configure:2704: result: no
configure:2712: checking whether to perform expensive self-checking
configure:2728: result: no
configure:2735: checking for location of SQL header files
configure:2759: result: none
configure:2782: checking for location of SQL library files
configure:2806: result: none
configure:2829: checking whether to enable SSL support
configure:2846: result: no
configure:2854: checking whether to enable deprecated features
configure:2870: result: no
configure:2937: checking for g++
configure:2953: found /usr/bin/g++
configure:2964: result: g++
configure:2991: checking for C++ compiler version
configure:3000: g++ --version >&5
g++ (GCC) 5.3.0
Copyright (C) 2015 Free Software Foundation, Inc.
This is free software; see the source for copying conditions.  There is NO
warranty; not even for MERCHANTABILITY or FITNESS FOR A PARTICULAR PURPOSE.

configure:3011: $? = 0
configure:3000: g++ -v >&5
Using built-in specs.
COLLECT_GCC=g++
COLLECT_LTO_WRAPPER=/usr/lib/gcc/x86_64-unknown-linux-gnu/5.3.0/lto-wrapper
Target: x86_64-unknown-linux-gnu
Configured with: /build/gcc/src/gcc-5.3.0/configure --prefix=/usr --libdir=/usr/lib --libexecdir=/usr/lib --mandir=/usr/share/man --infodir=/usr/share/info --with-bugurl=https://bugs.archlinux.org/ --enable-languages=c,c++,ada,fortran,go,lto,objc,obj-c++ --enable-shared --enable-threads=posix --enable-libmpx --with-system-zlib --with-isl --enable-__cxa_atexit --disable-libunwind-exceptions --enable-clocale=gnu --disable-libstdcxx-pch --disable-libssp --enable-gnu-unique-object --enable-linker-build-id --enable-lto --enable-plugin --enable-install-libiberty --with-linker-hash-style=gnu --enable-gnu-indirect-function --disable-multilib --disable-werror --enable-checking=release
Thread model: posix
gcc version 5.3.0 (GCC) 
configure:3011: $? = 0
configure:3000: g++ -V >&5
g++: error: unrecognized command line option '-V'
g++: fatal error: no input files
compilation terminated.
configure:3011: $? = 1
configure:3000: g++ -qversion >&5
g++: error: unrecognized command line option '-qversion'
g++: fatal error: no input files
compilation terminated.
configure:3011: $? = 1
configure:3031: checking whether the C++ compiler works
configure:3053: g++    conftest.cpp  >&5
configure:3057: $? = 0
configure:3105: result: yes
configure:3108: checking for C++ compiler default output file name
configure:3110: result: a.out
configure:3116: checking for suffix of executables
configure:3123: g++ -o conftest    conftest.cpp  >&5
configure:3127: $? = 0
configure:3149: result: 
configure:3171: checking whether we are cross compiling
configure:3179: g++ -o conftest    conftest.cpp  >&5
configure:3183: $? = 0
configure:3190: ./conftest
configure:3194: $? = 0
configure:3209: result: no
configure:3214: checking for suffix of object files
configure:3236: g++ -c   conftest.cpp >&5
configure:3240: $? = 0
configure:3261: result: o
configure:3265: checking whether we are using the GNU C++ compiler
configure:3284: g++ -c   conftest.cpp >&5
configure:3284: $? = 0
configure:3293: result: yes
configure:3302: checking whether g++ accepts -g
configure:3322: g++ -c -g  conftest.cpp >&5
configure:3322: $? = 0
configure:3363: result: yes
configure:3391: checking how to run the C++ preprocessor
configure:3418: g++ -E  conftest.cpp
configure:3418: $? = 0
configure:3432: g++ -E  conftest.cpp
conftest.cpp:9:28: fatal error: ac_nonexistent.h: No such file or directory
compilation terminated.
configure:3432: $? = 1
configure: failed program was:
| /* confdefs.h */
| #define PACKAGE_NAME "TinyMUX"
| #define PACKAGE_TARNAME "tinymux"
| #define PACKAGE_VERSION "2.12"
| #define PACKAGE_STRING "TinyMUX 2.12"
| #define PACKAGE_BUGREPORT "tinymux@googlegroups.com"
| #define PACKAGE_URL ""
| /* end confdefs.h.  */
| #include <ac_nonexistent.h>
configure:3457: result: g++ -E
configure:3477: g++ -E  conftest.cpp
configure:3477: $? = 0
configure:3491: g++ -E  conftest.cpp
conftest.cpp:9:28: fatal error: ac_nonexistent.h: No such file or directory
compilation terminated.
configure:3491: $? = 1
configure: failed program was:
| /* confdefs.h */
| #define PACKAGE_NAME "TinyMUX"
| #define PACKAGE_TARNAME "tinymux"
| #define PACKAGE_VERSION "2.12"
| #define PACKAGE_STRING "TinyMUX 2.12"
| #define PACKAGE_BUGREPORT "tinymux@googlegroups.com"
| #define PACKAGE_URL ""
| /* end confdefs.h.  */
| #include <ac_nonexistent.h>
configure:3567: checking for gcc
configure:3583: found /usr/bin/gcc
configure:3594: result: gcc
configure:3823: checking for C compiler version
configure:3832: gcc --version >&5
gcc (GCC) 5.3.0
Copyright (C) 2015 Free Software Foundation, Inc.
This is free software; see the source for copying conditions.  There is NO
warranty; not even for MERCHANTABILITY or FITNESS FOR A PARTICULAR PURPOSE.

configure:3843: $? = 0
configure:3832: gcc -v >&5
Using built-in specs.
COLLECT_GCC=gcc
COLLECT_LTO_WRAPPER=/usr/lib/gcc/x86_64-unknown-linux-gnu/5.3.0/lto-wrapper
Target: x86_64-unknown-linux-gnu
Configured with: /build/gcc/src/gcc-5.3.0/configure --prefix=/usr --libdir=/usr/lib --libexecdir=/usr/lib --mandir=/usr/share/man --infodir=/usr/share/info --with-bugurl=https://bugs.archlinux.org/ --enable-languages=c,c++,ada,fortran,go,lto,objc,obj-c++ --enable-shared --enable-threads=posix --enable-libmpx --with-system-zlib --with-isl --enable-__cxa_atexit --disable-libunwind-exceptions --enable-clocale=gnu --disable-libstdcxx-pch --disable-libssp --enable-gnu-unique-object --enable-linker-build-id --enable-lto --enable-plugin --enable-install-libiberty --with-linker-hash-style=gnu --enable-gnu-indirect-function --disable-multilib --disable-werror --enable-checking=release
Thread model: posix
gcc version 5.3.0 (GCC) 
configure:3843: $? = 0
configure:3832: gcc -V >&5
gcc: error: unrecognized command line option '-V'
gcc: fatal error: no input files
compilation terminated.
configure:3843: $? = 1
configure:3832: gcc -qversion >&5
gcc: error: unrecognized command line option '-qversion'
gcc: fatal error: no input files
compilation terminated.
configure:3843: $? = 1
configure:3847: checking whether we are using the GNU C compiler
configure:3866: gcc -c   conftest.c >&5
configure:3866: $? = 0
configure:3875: result: yes
configure:3884: checking whether gcc accepts -g
configure:3904: gcc -c -g  conftest.c >&5
configure:3904: $? = 0
configure:3945: result: yes
configure:3962: checking for gcc option to accept ISO C89
configure:4026: gcc  -c -g -O2  conftest.c >&5
configure:4026: $? = 0
configure:4039: result: none needed
configure:4064: checking how to run the C preprocessor
configure:4095: gcc -E  conftest.c
configure:4095: $? = 0
configure:4109: gcc -E  conftest.c
conftest.c:9:28: fatal error: ac_nonexistent.h: No such file or directory
compilation terminated.
configure:4109: $? = 1
configure: failed program was:
| /* confdefs.h */
| #define PACKAGE_NAME "TinyMUX"
| #define PACKAGE_TARNAME "tinymux"
| #define PACKAGE_VERSION "2.12"
| #define PACKAGE_STRING "TinyMUX 2.12"
| #define PACKAGE_BUGREPORT "tinymux@googlegroups.com"
| #define PACKAGE_URL ""
| /* end confdefs.h.  */
| #include <ac_nonexistent.h>
configure:4134: result: gcc -E
configure:4154: gcc -E  conftest.c
configure:4154: $? = 0
configure:4168: gcc -E  conftest.c
conftest.c:9:28: fatal error: ac_nonexistent.h: No such file or directory
compilation terminated.
configure:4168: $? = 1
configure: failed program was:
| /* confdefs.h */
| #define PACKAGE_NAME "TinyMUX"
| #define PACKAGE_TARNAME "tinymux"
| #define PACKAGE_VERSION "2.12"
| #define PACKAGE_STRING "TinyMUX 2.12"
| #define PACKAGE_BUGREPORT "tinymux@googlegroups.com"
| #define PACKAGE_URL ""
| /* end confdefs.h.  */
| #include <ac_nonexistent.h>
configure:4229: checking build system type
configure:4243: result: x86_64-unknown-linux-gnu
configure:4263: checking host system type
configure:4276: result: x86_64-unknown-linux-gnu
configure:4298: checking for grep that handles long lines and -e
configure:4356: result: /usr/bin/grep
configure:4361: checking for egrep
configure:4423: result: /usr/bin/grep -E
configure:4428: checking for ANSI C header files
configure:4448: gcc -c -g -O2  conftest.c >&5
configure:4448: $? = 0
configure:4521: gcc -o conftest -g -O2   conftest.c  >&5
configure:4521: $? = 0
configure:4521: ./conftest
configure:4521: $? = 0
configure:4532: result: yes
configure:4545: checking for sys/types.h
configure:4545: gcc -c -g -O2  conftest.c >&5
configure:4545: $? = 0
configure:4545: result: yes
configure:4545: checking for sys/stat.h
configure:4545: gcc -c -g -O2  conftest.c >&5
configure:4545: $? = 0
configure:4545: result: yes
configure:4545: checking for stdlib.h
configure:4545: gcc -c -g -O2  conftest.c >&5
configure:4545: $? = 0
configure:4545: result: yes
configure:4545: checking for string.h
configure:4545: gcc -c -g -O2  conftest.c >&5
configure:4545: $? = 0
configure:4545: result: yes
configure:4545: checking for memory.h
configure:4545: gcc -c -g -O2  conftest.c >&5
configure:4545: $? = 0
configure:4545: result: yes
configure:4545: checking for strings.h
configure:4545: gcc -c -g -O2  conftest.c >&5
configure:4545: $? = 0
configure:4545: result: yes
configure:4545: checking for inttypes.h
configure:4545: gcc -c -g -O2  conftest.c >&5
configure:4545: $? = 0
configure:4545: result: yes
configure:4545: checking for stdint.h
configure:4545: gcc -c -g -O2  conftest.c >&5
configure:4545: $? = 0
configure:4545: result: yes
configure:4545: checking for unistd.h
configure:4545: gcc -c -g -O2  conftest.c >&5
configure:4545: $? = 0
configure:4545: result: yes
configure:4558: checking minix/config.h usability
configure:4558: gcc -c -g -O2  conftest.c >&5
conftest.c:52:26: fatal error: minix/config.h: No such file or directory
compilation terminated.
configure:4558: $? = 1
configure: failed program was:
| /* confdefs.h */
| #define PACKAGE_NAME "TinyMUX"
| #define PACKAGE_TARNAME "tinymux"
| #define PACKAGE_VERSION "2.12"
| #define PACKAGE_STRING "TinyMUX 2.12"
| #define PACKAGE_BUGREPORT "tinymux@googlegroups.com"
| #define PACKAGE_URL ""
| #define STDC_HEADERS 1
| #define HAVE_SYS_TYPES_H 1
| #define HAVE_SYS_STAT_H 1
| #define HAVE_STDLIB_H 1
| #define HAVE_STRING_H 1
| #define HAVE_MEMORY_H 1
| #define HAVE_STRINGS_H 1
| #define HAVE_INTTYPES_H 1
| #define HAVE_STDINT_H 1
| #define HAVE_UNISTD_H 1
| /* end confdefs.h.  */
| #include <stdio.h>
| #ifdef HAVE_SYS_TYPES_H
| # include <sys/types.h>
| #endif
| #ifdef HAVE_SYS_STAT_H
| # include <sys/stat.h>
| #endif
| #ifdef STDC_HEADERS
| # include <stdlib.h>
| # include <stddef.h>
| #else
| # ifdef HAVE_STDLIB_H
| #  include <stdlib.h>
| # endif
| #endif
| #ifdef HAVE_STRING_H
| # if !defined STDC_HEADERS && defined HAVE_MEMORY_H
| #  include <memory.h>
| # endif
| # include <string.h>
| #endif
| #ifdef HAVE_STRINGS_H
| # include <strings.h>
| #endif
| #ifdef HAVE_INTTYPES_H
| # include <inttypes.h>
| #endif
| #ifdef HAVE_STDINT_H
| # include <stdint.h>
| #endif
| #ifdef HAVE_UNISTD_H
| # include <unistd.h>
| #endif
| #include <minix/config.h>
configure:4558: result: no
configure:4558: checking minix/config.h presence
configure:4558: gcc -E  conftest.c
conftest.c:19:26: fatal error: minix/config.h: No such file or directory
compilation terminated.
configure:4558: $? = 1
configure: failed program was:
| /* confdefs.h */
| #define PACKAGE_NAME "TinyMUX"
| #define PACKAGE_TARNAME "tinymux"
| #define PACKAGE_VERSION "2.12"
| #define PACKAGE_STRING "TinyMUX 2.12"
| #define PACKAGE_BUGREPORT "tinymux@googlegroups.com"
| #define PACKAGE_URL ""
| #define STDC_HEADERS 1
| #define HAVE_SYS_TYPES_H 1
| #define HAVE_SYS_STAT_H 1
| #define HAVE_STDLIB_H 1
| #define HAVE_STRING_H 1
| #define HAVE_MEMORY_H 1
| #define HAVE_STRINGS_H 1
| #define HAVE_INTTYPES_H 1
| #define HAVE_STDINT_H 1
| #define HAVE_UNISTD_H 1
| /* end confdefs.h.  */
| #include <minix/config.h>
configure:4558: result: no
configure:4558: checking for minix/config.h
configure:4558: result: no
configure:4579: checking whether it is safe to define __EXTENSIONS__
configure:4597: gcc -c -g -O2  conftest.c >&5
configure:4597: $? = 0
configure:4604: result: yes
configure:4623: checking for library containing strerror
configure:4654: gcc -o conftest -g -O2   conftest.c  >&5
configure:4654: $? = 0
configure:4671: result: none required
configure:4679: checking for library containing crypt
configure:4710: gcc -o conftest -g -O2   conftest.c  >&5
/tmp/ccHr6Ejq.o: In function `main':
/media/Github/tinymux/mux/src/conftest.c:35: undefined reference to `crypt'
collect2: error: ld returned 1 exit status
configure:4710: $? = 1
configure: failed program was:
| /* confdefs.h */
| #define PACKAGE_NAME "TinyMUX"
| #define PACKAGE_TARNAME "tinymux"
| #define PACKAGE_VERSION "2.12"
| #define PACKAGE_STRING "TinyMUX 2.12"
| #define PACKAGE_BUGREPORT "tinymux@googlegroups.com"
| #define PACKAGE_URL ""
| #define STDC_HEADERS 1
| #define HAVE_SYS_TYPES_H 1
| #define HAVE_SYS_STAT_H 1
| #define HAVE_STDLIB_H 1
| #define HAVE_STRING_H 1
| #define HAVE_MEMORY_H 1
| #define HAVE_STRINGS_H 1
| #define HAVE_INTTYPES_H 1
| #define HAVE_STDINT_H 1
| #define HAVE_UNISTD_H 1
| #define __EXTENSIONS__ 1
| #define _ALL_SOURCE 1
| #define _GNU_SOURCE 1
| #define _POSIX_PTHREAD_SEMANTICS 1
| #define _TANDEM_SOURCE 1
| /* end confdefs.h.  */
| 
| /* Override any GCC internal prototype to avoid an error.
|    Use char because int might match the return type of a GCC
|    builtin and then its argument prototype would still apply.  */
| #ifdef __cplusplus
| extern "C"
| #endif
| char crypt ();
| int
| main ()
| {
| return crypt ();
|   ;
|   return 0;
| }
configure:4710: gcc -o conftest -g -O2   conftest.c -lcrypt   >&5
configure:4710: $? = 0
configure:4727: result: -lcrypt
configure:4735: checking for library containing socket
configure:4766: gcc -o conftest -g -O2   conftest.c -lcrypt  >&5
configure:4766: $? = 0
configure:4783: result: none required
configure:4791: checking for library containing gethostbyname
configure:4822: gcc -o conftest -g -O2   conftest.c -lcrypt  >&5
configure:4822: $? = 0
configure:4839: result: none required
configure:4847: checking for library containing inet_addr
configure:4878: gcc -o conftest -g -O2   conftest.c -lcrypt  >&5
configure:4878: $? = 0
configure:4895: result: none required
configure:4903: checking for library containing sqrt
configure:4934: gcc -o conftest -g -O2   conftest.c -lcrypt  >&5
conftest.c:31:6: warning: conflicting types for built-in function 'sqrt'
 char sqrt ();
      ^
/tmp/ccXRhlRz.o: In function `main':
/media/Github/tinymux/mux/src/conftest.c:35: undefined reference to `sqrt'
collect2: error: ld returned 1 exit status
configure:4934: $? = 1
configure: failed program was:
| /* confdefs.h */
| #define PACKAGE_NAME "TinyMUX"
| #define PACKAGE_TARNAME "tinymux"
| #define PACKAGE_VERSION "2.12"
| #define PACKAGE_STRING "TinyMUX 2.12"
| #define PACKAGE_BUGREPORT "tinymux@googlegroups.com"
| #define PACKAGE_URL ""
| #define STDC_HEADERS 1
| #define HAVE_SYS_TYPES_H 1
| #define HAVE_SYS_STAT_H 1
| #define HAVE_STDLIB_H 1
| #define HAVE_STRING_H 1
| #define HAVE_MEMORY_H 1
| #define HAVE_STRINGS_H 1
| #define HAVE_INTTYPES_H 1
| #define HAVE_STDINT_H 1
| #define HAVE_UNISTD_H 1
| #define __EXTENSIONS__ 1
| #define _ALL_SOURCE 1
| #define _GNU_SOURCE 1
| #define _POSIX_PTHREAD_SEMANTICS 1
| #define _TANDEM_SOURCE 1
| /* end confdefs.h.  */
| 
| /* Override any GCC internal prototype to avoid an error.
|    Use char because int might match the return type of a GCC
|    builtin and then its argument prototype would still apply.  */
| #ifdef __cplusplus
| extern "C"
| #endif
| char sqrt ();
| int
| main ()
| {
| return sqrt ();
|   ;
|   return 0;
| }
configure:4934: gcc -o conftest -g -O2   conftest.c -lm  -lcrypt  >&5
conftest.c:31:6: warning: conflicting types for built-in function 'sqrt'
 char sqrt ();
      ^
configure:4934: $? = 0
configure:4951: result: -lm
configure:4960: checking for dlopen
configure:4963: checking for library containing dlopen
configure:4994: gcc -o conftest -g -O2   conftest.c -lm -lcrypt  >&5
/tmp/ccBvgSiF.o: In function `main':
/media/Github/tinymux/mux/src/conftest.c:35: undefined reference to `dlopen'
collect2: error: ld returned 1 exit status
configure:4994: $? = 1
configure: failed program was:
| /* confdefs.h */
| #define PACKAGE_NAME "TinyMUX"
| #define PACKAGE_TARNAME "tinymux"
| #define PACKAGE_VERSION "2.12"
| #define PACKAGE_STRING "TinyMUX 2.12"
| #define PACKAGE_BUGREPORT "tinymux@googlegroups.com"
| #define PACKAGE_URL ""
| #define STDC_HEADERS 1
| #define HAVE_SYS_TYPES_H 1
| #define HAVE_SYS_STAT_H 1
| #define HAVE_STDLIB_H 1
| #define HAVE_STRING_H 1
| #define HAVE_MEMORY_H 1
| #define HAVE_STRINGS_H 1
| #define HAVE_INTTYPES_H 1
| #define HAVE_STDINT_H 1
| #define HAVE_UNISTD_H 1
| #define __EXTENSIONS__ 1
| #define _ALL_SOURCE 1
| #define _GNU_SOURCE 1
| #define _POSIX_PTHREAD_SEMANTICS 1
| #define _TANDEM_SOURCE 1
| /* end confdefs.h.  */
| 
| /* Override any GCC internal prototype to avoid an error.
|    Use char because int might match the return type of a GCC
|    builtin and then its argument prototype would still apply.  */
| #ifdef __cplusplus
| extern "C"
| #endif
| char dlopen ();
| int
| main ()
| {
| return dlopen ();
|   ;
|   return 0;
| }
configure:4994: gcc -o conftest -g -O2   conftest.c -ldl  -lm -lcrypt  >&5
configure:4994: $? = 0
configure:5011: result: -ldl
configure:5041: gcc -o conftest -g -O2   conftest.c -ldl -lm -lcrypt  >&5
configure:5041: $? = 0
configure:5077: checking for dirent.h that defines DIR
configure:5096: gcc -c -g -O2  conftest.c >&5
configure:5096: $? = 0
configure:5104: result: yes
configure:5117: checking for library containing opendir
configure:5148: gcc -o conftest -g -O2   conftest.c -lm -lcrypt  >&5
configure:5148: $? = 0
configure:5165: result: none required
configure:5232: checking for ANSI C header files
configure:5336: result: yes
configure:5344: checking whether time.h and sys/time.h may both be included
configure:5364: gcc -c -g -O2  conftest.c >&5
configure:5364: $? = 0
configure:5371: result: yes
configure:5379: checking for sys/wait.h that is POSIX.1 compatible
configure:5405: gcc -c -g -O2  conftest.c >&5
configure:5405: $? = 0
configure:5412: result: yes
configure:5423: checking for unistd.h
configure:5423: result: yes
configure:5423: checking stddef.h usability
configure:5423: gcc -c -g -O2  conftest.c >&5
configure:5423: $? = 0
configure:5423: result: yes
configure:5423: checking stddef.h presence
configure:5423: gcc -E  conftest.c
configure:5423: $? = 0
configure:5423: result: yes
configure:5423: checking for stddef.h
configure:5423: result: yes
configure:5423: checking for memory.h
configure:5423: result: yes
configure:5423: checking for string.h
configure:5423: result: yes
configure:5423: checking errno.h usability
configure:5423: gcc -c -g -O2  conftest.c >&5
configure:5423: $? = 0
configure:5423: result: yes
configure:5423: checking errno.h presence
configure:5423: gcc -E  conftest.c
configure:5423: $? = 0
configure:5423: result: yes
configure:5423: checking for errno.h
configure:5423: result: yes
configure:5423: checking malloc.h usability
configure:5423: gcc -c -g -O2  conftest.c >&5
configure:5423: $? = 0
configure:5423: result: yes
configure:5423: checking malloc.h presence
configure:5423: gcc -E  conftest.c
configure:5423: $? = 0
configure:5423: result: yes
configure:5423: checking for malloc.h
configure:5423: result: yes
configure:5423: checking sys/select.h usability
configure:5423: gcc -c -g -O2  conftest.c >&5
configure:5423: $? = 0
configure:5423: result: yes
configure:5423: checking sys/select.h presence
configure:5423: gcc -E  conftest.c
configure:5423: $? = 0
configure:5423: result: yes
configure:5423: checking for sys/select.h
configure:5423: result: yes
configure:5423: checking sys/epoll.h usability
configure:5423: gcc -c -g -O2  conftest.c >&5
configure:5423: $? = 0
configure:5423: result: yes
configure:5423: checking sys/epoll.h presence
configure:5423: gcc -E  conftest.c
configure:5423: $? = 0
configure:5423: result: yes
configure:5423: checking for sys/epoll.h
configure:5423: result: yes
configure:5423: checking sys/event.h usability
configure:5423: gcc -c -g -O2  conftest.c >&5
conftest.c:70:23: fatal error: sys/event.h: No such file or directory
compilation terminated.
configure:5423: $? = 1
configure: failed program was:
| /* confdefs.h */
| #define PACKAGE_NAME "TinyMUX"
| #define PACKAGE_TARNAME "tinymux"
| #define PACKAGE_VERSION "2.12"
| #define PACKAGE_STRING "TinyMUX 2.12"
| #define PACKAGE_BUGREPORT "tinymux@googlegroups.com"
| #define PACKAGE_URL ""
| #define STDC_HEADERS 1
| #define HAVE_SYS_TYPES_H 1
| #define HAVE_SYS_STAT_H 1
| #define HAVE_STDLIB_H 1
| #define HAVE_STRING_H 1
| #define HAVE_MEMORY_H 1
| #define HAVE_STRINGS_H 1
| #define HAVE_INTTYPES_H 1
| #define HAVE_STDINT_H 1
| #define HAVE_UNISTD_H 1
| #define __EXTENSIONS__ 1
| #define _ALL_SOURCE 1
| #define _GNU_SOURCE 1
| #define _POSIX_PTHREAD_SEMANTICS 1
| #define _TANDEM_SOURCE 1
| #define HAVE_DLOPEN /**/
| #define HAVE_DIRENT_H 1
| #define STDC_HEADERS 1
| #define TIME_WITH_SYS_TIME 1
| #define HAVE_SYS_WAIT_H 1
| #define HAVE_UNISTD_H 1
| #define HAVE_STDDEF_H 1
| #define HAVE_MEMORY_H 1
| #define HAVE_STRING_H 1
| #define HAVE_ERRNO_H 1
| #define HAVE_MALLOC_H 1
| #define HAVE_SYS_SELECT_H 1
| #define HAVE_SYS_EPOLL_H 1
| /* end confdefs.h.  */
| #include <stdio.h>
| #ifdef HAVE_SYS_TYPES_H
| # include <sys/types.h>
| #endif
| #ifdef HAVE_SYS_STAT_H
| # include <sys/stat.h>
| #endif
| #ifdef STDC_HEADERS
| # include <stdlib.h>
| # include <stddef.h>
| #else
| # ifdef HAVE_STDLIB_H
| #  include <stdlib.h>
| # endif
| #endif
| #ifdef HAVE_STRING_H
| # if !defined STDC_HEADERS && defined HAVE_MEMORY_H
| #  include <memory.h>
| # endif
| # include <string.h>
| #endif
| #ifdef HAVE_STRINGS_H
| # include <strings.h>
| #endif
| #ifdef HAVE_INTTYPES_H
| # include <inttypes.h>
| #endif
| #ifdef HAVE_STDINT_H
| # include <stdint.h>
| #endif
| #ifdef HAVE_UNISTD_H
| # include <unistd.h>
| #endif
| #include <sys/event.h>
configure:5423: result: no
configure:5423: checking sys/event.h presence
configure:5423: gcc -E  conftest.c
conftest.c:37:23: fatal error: sys/event.h: No such file or directory
compilation terminated.
configure:5423: $? = 1
configure: failed program was:
| /* confdefs.h */
| #define PACKAGE_NAME "TinyMUX"
| #define PACKAGE_TARNAME "tinymux"
| #define PACKAGE_VERSION "2.12"
| #define PACKAGE_STRING "TinyMUX 2.12"
| #define PACKAGE_BUGREPORT "tinymux@googlegroups.com"
| #define PACKAGE_URL ""
| #define STDC_HEADERS 1
| #define HAVE_SYS_TYPES_H 1
| #define HAVE_SYS_STAT_H 1
| #define HAVE_STDLIB_H 1
| #define HAVE_STRING_H 1
| #define HAVE_MEMORY_H 1
| #define HAVE_STRINGS_H 1
| #define HAVE_INTTYPES_H 1
| #define HAVE_STDINT_H 1
| #define HAVE_UNISTD_H 1
| #define __EXTENSIONS__ 1
| #define _ALL_SOURCE 1
| #define _GNU_SOURCE 1
| #define _POSIX_PTHREAD_SEMANTICS 1
| #define _TANDEM_SOURCE 1
| #define HAVE_DLOPEN /**/
| #define HAVE_DIRENT_H 1
| #define STDC_HEADERS 1
| #define TIME_WITH_SYS_TIME 1
| #define HAVE_SYS_WAIT_H 1
| #define HAVE_UNISTD_H 1
| #define HAVE_STDDEF_H 1
| #define HAVE_MEMORY_H 1
| #define HAVE_STRING_H 1
| #define HAVE_ERRNO_H 1
| #define HAVE_MALLOC_H 1
| #define HAVE_SYS_SELECT_H 1
| #define HAVE_SYS_EPOLL_H 1
| /* end confdefs.h.  */
| #include <sys/event.h>
configure:5423: result: no
configure:5423: checking for sys/event.h
configure:5423: result: no
configure:5436: checking fcntl.h usability
configure:5436: gcc -c -g -O2  conftest.c >&5
configure:5436: $? = 0
configure:5436: result: yes
configure:5436: checking fcntl.h presence
configure:5436: gcc -E  conftest.c
configure:5436: $? = 0
configure:5436: result: yes
configure:5436: checking for fcntl.h
configure:5436: result: yes
configure:5436: checking limits.h usability
configure:5436: gcc -c -g -O2  conftest.c >&5
configure:5436: $? = 0
configure:5436: result: yes
configure:5436: checking limits.h presence
configure:5436: gcc -E  conftest.c
configure:5436: $? = 0
configure:5436: result: yes
configure:5436: checking for limits.h
configure:5436: result: yes
configure:5436: checking sys/file.h usability
configure:5436: gcc -c -g -O2  conftest.c >&5
configure:5436: $? = 0
configure:5436: result: yes
configure:5436: checking sys/file.h presence
configure:5436: gcc -E  conftest.c
configure:5436: $? = 0
configure:5436: result: yes
configure:5436: checking for sys/file.h
configure:5436: result: yes
configure:5436: checking sys/ioctl.h usability
configure:5436: gcc -c -g -O2  conftest.c >&5
configure:5436: $? = 0
configure:5436: result: yes
configure:5436: checking sys/ioctl.h presence
configure:5436: gcc -E  conftest.c
configure:5436: $? = 0
configure:5436: result: yes
configure:5436: checking for sys/ioctl.h
configure:5436: result: yes
configure:5436: checking for sys/types.h
configure:5436: result: yes
configure:5436: checking sys/time.h usability
configure:5436: gcc -c -g -O2  conftest.c >&5
configure:5436: $? = 0
configure:5436: result: yes
configure:5436: checking sys/time.h presence
configure:5436: gcc -E  conftest.c
configure:5436: $? = 0
configure:5436: result: yes
configure:5436: checking for sys/time.h
configure:5436: result: yes
configure:5436: checking for sys/stat.h
configure:5436: result: yes
configure:5436: checking sys/param.h usability
configure:5436: gcc -c -g -O2  conftest.c >&5
configure:5436: $? = 0
configure:5436: result: yes
configure:5436: checking sys/param.h presence
configure:5436: gcc -E  conftest.c
configure:5436: $? = 0
configure:5436: result: yes
configure:5436: checking for sys/param.h
configure:5436: result: yes
configure:5436: checking sys/fcntl.h usability
configure:5436: gcc -c -g -O2  conftest.c >&5
configure:5436: $? = 0
configure:5436: result: yes
configure:5436: checking sys/fcntl.h presence
configure:5436: gcc -E  conftest.c
configure:5436: $? = 0
configure:5436: result: yes
configure:5436: checking for sys/fcntl.h
configure:5436: result: yes
configure:5449: checking fpu_control.h usability
configure:5449: gcc -c -g -O2  conftest.c >&5
configure:5449: $? = 0
configure:5449: result: yes
configure:5449: checking fpu_control.h presence
configure:5449: gcc -E  conftest.c
configure:5449: $? = 0
configure:5449: result: yes
configure:5449: checking for fpu_control.h
configure:5449: result: yes
configure:5449: checking ieeefp.h usability
configure:5449: gcc -c -g -O2  conftest.c >&5
conftest.c:80:20: fatal error: ieeefp.h: No such file or directory
compilation terminated.
configure:5449: $? = 1
configure: failed program was:
| /* confdefs.h */
| #define PACKAGE_NAME "TinyMUX"
| #define PACKAGE_TARNAME "tinymux"
| #define PACKAGE_VERSION "2.12"
| #define PACKAGE_STRING "TinyMUX 2.12"
| #define PACKAGE_BUGREPORT "tinymux@googlegroups.com"
| #define PACKAGE_URL ""
| #define STDC_HEADERS 1
| #define HAVE_SYS_TYPES_H 1
| #define HAVE_SYS_STAT_H 1
| #define HAVE_STDLIB_H 1
| #define HAVE_STRING_H 1
| #define HAVE_MEMORY_H 1
| #define HAVE_STRINGS_H 1
| #define HAVE_INTTYPES_H 1
| #define HAVE_STDINT_H 1
| #define HAVE_UNISTD_H 1
| #define __EXTENSIONS__ 1
| #define _ALL_SOURCE 1
| #define _GNU_SOURCE 1
| #define _POSIX_PTHREAD_SEMANTICS 1
| #define _TANDEM_SOURCE 1
| #define HAVE_DLOPEN /**/
| #define HAVE_DIRENT_H 1
| #define STDC_HEADERS 1
| #define TIME_WITH_SYS_TIME 1
| #define HAVE_SYS_WAIT_H 1
| #define HAVE_UNISTD_H 1
| #define HAVE_STDDEF_H 1
| #define HAVE_MEMORY_H 1
| #define HAVE_STRING_H 1
| #define HAVE_ERRNO_H 1
| #define HAVE_MALLOC_H 1
| #define HAVE_SYS_SELECT_H 1
| #define HAVE_SYS_EPOLL_H 1
| #define HAVE_FCNTL_H 1
| #define HAVE_LIMITS_H 1
| #define HAVE_SYS_FILE_H 1
| #define HAVE_SYS_IOCTL_H 1
| #define HAVE_SYS_TYPES_H 1
| #define HAVE_SYS_TIME_H 1
| #define HAVE_SYS_STAT_H 1
| #define HAVE_SYS_PARAM_H 1
| #define HAVE_SYS_FCNTL_H 1
| #define HAVE_FPU_CONTROL_H 1
| /* end confdefs.h.  */
| #include <stdio.h>
| #ifdef HAVE_SYS_TYPES_H
| # include <sys/types.h>
| #endif
| #ifdef HAVE_SYS_STAT_H
| # include <sys/stat.h>
| #endif
| #ifdef STDC_HEADERS
| # include <stdlib.h>
| # include <stddef.h>
| #else
| # ifdef HAVE_STDLIB_H
| #  include <stdlib.h>
| # endif
| #endif
| #ifdef HAVE_STRING_H
| # if !defined STDC_HEADERS && defined HAVE_MEMORY_H
| #  include <memory.h>
| # endif
| # include <string.h>
| #endif
| #ifdef HAVE_STRINGS_H
| # include <strings.h>
| #endif
| #ifdef HAVE_INTTYPES_H
| # include <inttypes.h>
| #endif
| #ifdef HAVE_STDINT_H
| # include <stdint.h>
| #endif
| #ifdef HAVE_UNISTD_H
| # include <unistd.h>
| #endif
| #include <ieeefp.h>
configure:5449: result: no
configure:5449: checking ieeefp.h presence
configure:5449: gcc -E  conftest.c
conftest.c:47:20: fatal error: ieeefp.h: No such file or directory
compilation terminated.
configure:5449: $? = 1
configure: failed program was:
| /* confdefs.h */
| #define PACKAGE_NAME "TinyMUX"
| #define PACKAGE_TARNAME "tinymux"
| #define PACKAGE_VERSION "2.12"
| #define PACKAGE_STRING "TinyMUX 2.12"
| #define PACKAGE_BUGREPORT "tinymux@googlegroups.com"
| #define PACKAGE_URL ""
| #define STDC_HEADERS 1
| #define HAVE_SYS_TYPES_H 1
| #define HAVE_SYS_STAT_H 1
| #define HAVE_STDLIB_H 1
| #define HAVE_STRING_H 1
| #define HAVE_MEMORY_H 1
| #define HAVE_STRINGS_H 1
| #define HAVE_INTTYPES_H 1
| #define HAVE_STDINT_H 1
| #define HAVE_UNISTD_H 1
| #define __EXTENSIONS__ 1
| #define _ALL_SOURCE 1
| #define _GNU_SOURCE 1
| #define _POSIX_PTHREAD_SEMANTICS 1
| #define _TANDEM_SOURCE 1
| #define HAVE_DLOPEN /**/
| #define HAVE_DIRENT_H 1
| #define STDC_HEADERS 1
| #define TIME_WITH_SYS_TIME 1
| #define HAVE_SYS_WAIT_H 1
| #define HAVE_UNISTD_H 1
| #define HAVE_STDDEF_H 1
| #define HAVE_MEMORY_H 1
| #define HAVE_STRING_H 1
| #define HAVE_ERRNO_H 1
| #define HAVE_MALLOC_H 1
| #define HAVE_SYS_SELECT_H 1
| #define HAVE_SYS_EPOLL_H 1
| #define HAVE_FCNTL_H 1
| #define HAVE_LIMITS_H 1
| #define HAVE_SYS_FILE_H 1
| #define HAVE_SYS_IOCTL_H 1
| #define HAVE_SYS_TYPES_H 1
| #define HAVE_SYS_TIME_H 1
| #define HAVE_SYS_STAT_H 1
| #define HAVE_SYS_PARAM_H 1
| #define HAVE_SYS_FCNTL_H 1
| #define HAVE_FPU_CONTROL_H 1
| /* end confdefs.h.  */
| #include <ieeefp.h>
configure:5449: result: no
configure:5449: checking for ieeefp.h
configure:5449: result: no
configure:5449: checking fenv.h usability
configure:5449: gcc -c -g -O2  conftest.c >&5
configure:5449: $? = 0
configure:5449: result: yes
configure:5449: checking fenv.h presence
configure:5449: gcc -E  conftest.c
configure:5449: $? = 0
configure:5449: result: yes
configure:5449: checking for fenv.h
configure:5449: result: yes
configure:5449: checking float.h usability
configure:5449: gcc -c -g -O2  conftest.c >&5
configure:5449: $? = 0
configure:5449: result: yes
configure:5449: checking float.h presence
configure:5449: gcc -E  conftest.c
configure:5449: $? = 0
configure:5449: result: yes
configure:5449: checking for float.h
configure:5449: result: yes
configure:5462: checking netinet/in.h usability
configure:5462: gcc -c -g -O2  conftest.c >&5
configure:5462: $? = 0
configure:5462: result: yes
configure:5462: checking netinet/in.h presence
configure:5462: gcc -E  conftest.c
configure:5462: $? = 0
configure:5462: result: yes
configure:5462: checking for netinet/in.h
configure:5462: result: yes
configure:5462: checking arpa/inet.h usability
configure:5462: gcc -c -g -O2  conftest.c >&5
configure:5462: $? = 0
configure:5462: result: yes
configure:5462: checking arpa/inet.h presence
configure:5462: gcc -E  conftest.c
configure:5462: $? = 0
configure:5462: result: yes
configure:5462: checking for arpa/inet.h
configure:5462: result: yes
configure:5462: checking netdb.h usability
configure:5462: gcc -c -g -O2  conftest.c >&5
configure:5462: $? = 0
configure:5462: result: yes
configure:5462: checking netdb.h presence
configure:5462: gcc -E  conftest.c
configure:5462: $? = 0
configure:5462: result: yes
configure:5462: checking for netdb.h
configure:5462: result: yes
configure:5462: checking sys/socket.h usability
configure:5462: gcc -c -g -O2  conftest.c >&5
configure:5462: $? = 0
configure:5462: result: yes
configure:5462: checking sys/socket.h presence
configure:5462: gcc -E  conftest.c
configure:5462: $? = 0
configure:5462: result: yes
configure:5462: checking for sys/socket.h
configure:5462: result: yes
configure:5472: checking for sys_errlist decl...
configure:5580: checking for extended string dcls...
configure:5609: gcc -c -g -O2  conftest.c >&5
configure:5609: $? = 0
configure:5616: checking for malloc dcl...
configure:5654: checking for vsprintf dcl...
configure:5671: checking for sprintf dcl...
configure:5688: checking for extended stdio dcls...
configure:5703: checking for extended socket dcls...
configure:5718: checking for gettimeofday dcl...
configure:5771: checking for off_t
configure:5771: gcc -c -g -O2  conftest.c >&5
configure:5771: $? = 0
configure:5771: gcc -c -g -O2  conftest.c >&5
conftest.c: In function 'main':
conftest.c:93:20: error: expected expression before ')' token
 if (sizeof ((off_t)))
                    ^
configure:5771: $? = 1
configure: failed program was:
| /* confdefs.h */
| #define PACKAGE_NAME "TinyMUX"
| #define PACKAGE_TARNAME "tinymux"
| #define PACKAGE_VERSION "2.12"
| #define PACKAGE_STRING "TinyMUX 2.12"
| #define PACKAGE_BUGREPORT "tinymux@googlegroups.com"
| #define PACKAGE_URL ""
| #define STDC_HEADERS 1
| #define HAVE_SYS_TYPES_H 1
| #define HAVE_SYS_STAT_H 1
| #define HAVE_STDLIB_H 1
| #define HAVE_STRING_H 1
| #define HAVE_MEMORY_H 1
| #define HAVE_STRINGS_H 1
| #define HAVE_INTTYPES_H 1
| #define HAVE_STDINT_H 1
| #define HAVE_UNISTD_H 1
| #define __EXTENSIONS__ 1
| #define _ALL_SOURCE 1
| #define _GNU_SOURCE 1
| #define _POSIX_PTHREAD_SEMANTICS 1
| #define _TANDEM_SOURCE 1
| #define HAVE_DLOPEN /**/
| #define HAVE_DIRENT_H 1
| #define STDC_HEADERS 1
| #define TIME_WITH_SYS_TIME 1
| #define HAVE_SYS_WAIT_H 1
| #define HAVE_UNISTD_H 1
| #define HAVE_STDDEF_H 1
| #define HAVE_MEMORY_H 1
| #define HAVE_STRING_H 1
| #define HAVE_ERRNO_H 1
| #define HAVE_MALLOC_H 1
| #define HAVE_SYS_SELECT_H 1
| #define HAVE_SYS_EPOLL_H 1
| #define HAVE_FCNTL_H 1
| #define HAVE_LIMITS_H 1
| #define HAVE_SYS_FILE_H 1
| #define HAVE_SYS_IOCTL_H 1
| #define HAVE_SYS_TYPES_H 1
| #define HAVE_SYS_TIME_H 1
| #define HAVE_SYS_STAT_H 1
| #define HAVE_SYS_PARAM_H 1
| #define HAVE_SYS_FCNTL_H 1
| #define HAVE_FPU_CONTROL_H 1
| #define HAVE_FENV_H 1
| #define HAVE_FLOAT_H 1
| #define HAVE_NETINET_IN_H 1
| #define HAVE_ARPA_INET_H 1
| #define HAVE_NETDB_H 1
| #define HAVE_SYS_SOCKET_H 1
| #define HAVE_STRUCT_SIGCONTEXT /**/
| #define MALLOC_IN_STDLIB_H /**/
| #define EXTENDED_STDIO_DCLS /**/
| #define EXTENDED_SOCKET_DCLS /**/
| /* end confdefs.h.  */
| #include <stdio.h>
| #ifdef HAVE_SYS_TYPES_H
| # include <sys/types.h>
| #endif
| #ifdef HAVE_SYS_STAT_H
| # include <sys/stat.h>
| #endif
| #ifdef STDC_HEADERS
| # include <stdlib.h>
| # include <stddef.h>
| #else
| # ifdef HAVE_STDLIB_H
| #  include <stdlib.h>
| # endif
| #endif
| #ifdef HAVE_STRING_H
| # if !defined STDC_HEADERS && defined HAVE_MEMORY_H
| #  include <memory.h>
| # endif
| # include <string.h>
| #endif
| #ifdef HAVE_STRINGS_H
| # include <strings.h>
| #endif
| #ifdef HAVE_INTTYPES_H
| # include <inttypes.h>
| #endif
| #ifdef HAVE_STDINT_H
| # include <stdint.h>
| #endif
| #ifdef HAVE_UNISTD_H
| # include <unistd.h>
| #endif
| int
| main ()
| {
| if (sizeof ((off_t)))
| 	    return 0;
|   ;
|   return 0;
| }
configure:5771: result: yes
configure:5782: checking for pid_t
configure:5782: gcc -c -g -O2  conftest.c >&5
configure:5782: $? = 0
configure:5782: gcc -c -g -O2  conftest.c >&5
conftest.c: In function 'main':
conftest.c:93:20: error: expected expression before ')' token
 if (sizeof ((pid_t)))
                    ^
configure:5782: $? = 1
configure: failed program was:
| /* confdefs.h */
| #define PACKAGE_NAME "TinyMUX"
| #define PACKAGE_TARNAME "tinymux"
| #define PACKAGE_VERSION "2.12"
| #define PACKAGE_STRING "TinyMUX 2.12"
| #define PACKAGE_BUGREPORT "tinymux@googlegroups.com"
| #define PACKAGE_URL ""
| #define STDC_HEADERS 1
| #define HAVE_SYS_TYPES_H 1
| #define HAVE_SYS_STAT_H 1
| #define HAVE_STDLIB_H 1
| #define HAVE_STRING_H 1
| #define HAVE_MEMORY_H 1
| #define HAVE_STRINGS_H 1
| #define HAVE_INTTYPES_H 1
| #define HAVE_STDINT_H 1
| #define HAVE_UNISTD_H 1
| #define __EXTENSIONS__ 1
| #define _ALL_SOURCE 1
| #define _GNU_SOURCE 1
| #define _POSIX_PTHREAD_SEMANTICS 1
| #define _TANDEM_SOURCE 1
| #define HAVE_DLOPEN /**/
| #define HAVE_DIRENT_H 1
| #define STDC_HEADERS 1
| #define TIME_WITH_SYS_TIME 1
| #define HAVE_SYS_WAIT_H 1
| #define HAVE_UNISTD_H 1
| #define HAVE_STDDEF_H 1
| #define HAVE_MEMORY_H 1
| #define HAVE_STRING_H 1
| #define HAVE_ERRNO_H 1
| #define HAVE_MALLOC_H 1
| #define HAVE_SYS_SELECT_H 1
| #define HAVE_SYS_EPOLL_H 1
| #define HAVE_FCNTL_H 1
| #define HAVE_LIMITS_H 1
| #define HAVE_SYS_FILE_H 1
| #define HAVE_SYS_IOCTL_H 1
| #define HAVE_SYS_TYPES_H 1
| #define HAVE_SYS_TIME_H 1
| #define HAVE_SYS_STAT_H 1
| #define HAVE_SYS_PARAM_H 1
| #define HAVE_SYS_FCNTL_H 1
| #define HAVE_FPU_CONTROL_H 1
| #define HAVE_FENV_H 1
| #define HAVE_FLOAT_H 1
| #define HAVE_NETINET_IN_H 1
| #define HAVE_ARPA_INET_H 1
| #define HAVE_NETDB_H 1
| #define HAVE_SYS_SOCKET_H 1
| #define HAVE_STRUCT_SIGCONTEXT /**/
| #define MALLOC_IN_STDLIB_H /**/
| #define EXTENDED_STDIO_DCLS /**/
| #define EXTENDED_SOCKET_DCLS /**/
| /* end confdefs.h.  */
| #include <stdio.h>
| #ifdef HAVE_SYS_TYPES_H
| # include <sys/types.h>
| #endif
| #ifdef HAVE_SYS_STAT_H
| # include <sys/stat.h>
| #endif
| #ifdef STDC_HEADERS
| # include <stdlib.h>
| # include <stddef.h>
| #else
| # ifdef HAVE_STDLIB_H
| #  include <stdlib.h>
| # endif
| #endif
| #ifdef HAVE_STRING_H
| # if !defined STDC_HEADERS && defined HAVE_MEMORY_H
| #  include <memory.h>
| # endif
| # include <string.h>
| #endif
| #ifdef HAVE_STRINGS_H
| # include <strings.h>
| #endif
| #ifdef HAVE_INTTYPES_H
| # include <inttypes.h>
| #endif
| #ifdef HAVE_STDINT_H
| # include <stdint.h>
| #endif
| #ifdef HAVE_UNISTD_H
| # include <unistd.h>
| #endif
| int
| main ()
| {
| if (sizeof ((pid_t)))
| 	    return 0;
|   ;
|   return 0;
| }
configure:5782: result: yes
configure:5793: checking for size_t
configure:5793: gcc -c -g -O2  conftest.c >&5
configure:5793: $? = 0
configure:5793: gcc -c -g -O2  conftest.c >&5
conftest.c: In function 'main':
conftest.c:93:21: error: expected expression before ')' token
 if (sizeof ((size_t)))
                     ^
configure:5793: $? = 1
configure: failed program was:
| /* confdefs.h */
| #define PACKAGE_NAME "TinyMUX"
| #define PACKAGE_TARNAME "tinymux"
| #define PACKAGE_VERSION "2.12"
| #define PACKAGE_STRING "TinyMUX 2.12"
| #define PACKAGE_BUGREPORT "tinymux@googlegroups.com"
| #define PACKAGE_URL ""
| #define STDC_HEADERS 1
| #define HAVE_SYS_TYPES_H 1
| #define HAVE_SYS_STAT_H 1
| #define HAVE_STDLIB_H 1
| #define HAVE_STRING_H 1
| #define HAVE_MEMORY_H 1
| #define HAVE_STRINGS_H 1
| #define HAVE_INTTYPES_H 1
| #define HAVE_STDINT_H 1
| #define HAVE_UNISTD_H 1
| #define __EXTENSIONS__ 1
| #define _ALL_SOURCE 1
| #define _GNU_SOURCE 1
| #define _POSIX_PTHREAD_SEMANTICS 1
| #define _TANDEM_SOURCE 1
| #define HAVE_DLOPEN /**/
| #define HAVE_DIRENT_H 1
| #define STDC_HEADERS 1
| #define TIME_WITH_SYS_TIME 1
| #define HAVE_SYS_WAIT_H 1
| #define HAVE_UNISTD_H 1
| #define HAVE_STDDEF_H 1
| #define HAVE_MEMORY_H 1
| #define HAVE_STRING_H 1
| #define HAVE_ERRNO_H 1
| #define HAVE_MALLOC_H 1
| #define HAVE_SYS_SELECT_H 1
| #define HAVE_SYS_EPOLL_H 1
| #define HAVE_FCNTL_H 1
| #define HAVE_LIMITS_H 1
| #define HAVE_SYS_FILE_H 1
| #define HAVE_SYS_IOCTL_H 1
| #define HAVE_SYS_TYPES_H 1
| #define HAVE_SYS_TIME_H 1
| #define HAVE_SYS_STAT_H 1
| #define HAVE_SYS_PARAM_H 1
| #define HAVE_SYS_FCNTL_H 1
| #define HAVE_FPU_CONTROL_H 1
| #define HAVE_FENV_H 1
| #define HAVE_FLOAT_H 1
| #define HAVE_NETINET_IN_H 1
| #define HAVE_ARPA_INET_H 1
| #define HAVE_NETDB_H 1
| #define HAVE_SYS_SOCKET_H 1
| #define HAVE_STRUCT_SIGCONTEXT /**/
| #define MALLOC_IN_STDLIB_H /**/
| #define EXTENDED_STDIO_DCLS /**/
| #define EXTENDED_SOCKET_DCLS /**/
| /* end confdefs.h.  */
| #include <stdio.h>
| #ifdef HAVE_SYS_TYPES_H
| # include <sys/types.h>
| #endif
| #ifdef HAVE_SYS_STAT_H
| # include <sys/stat.h>
| #endif
| #ifdef STDC_HEADERS
| # include <stdlib.h>
| # include <stddef.h>
| #else
| # ifdef HAVE_STDLIB_H
| #  include <stdlib.h>
| # endif
| #endif
| #ifdef HAVE_STRING_H
| # if !defined STDC_HEADERS && defined HAVE_MEMORY_H
| #  include <memory.h>
| # endif
| # include <string.h>
| #endif
| #ifdef HAVE_STRINGS_H
| # include <strings.h>
| #endif
| #ifdef HAVE_INTTYPES_H
| # include <inttypes.h>
| #endif
| #ifdef HAVE_STDINT_H
| # include <stdint.h>
| #endif
| #ifdef HAVE_UNISTD_H
| # include <unistd.h>
| #endif
| int
| main ()
| {
| if (sizeof ((size_t)))
| 	    return 0;
|   ;
|   return 0;
| }
configure:5793: result: yes
configure:5804: checking whether struct tm is in sys/time.h or time.h
configure:5824: gcc -c -g -O2  conftest.c >&5
configure:5824: $? = 0
configure:5831: result: time.h
configure:5839: checking for struct tm.tm_zone
configure:5839: gcc -c -g -O2  conftest.c >&5
configure:5839: $? = 0
configure:5839: result: yes
configure:5906: checking for an ANSI C-conforming const
configure:5971: gcc -c -g -O2  conftest.c >&5
configure:5971: $? = 0
configure:5978: result: yes
configure:5986: checking for inline
configure:6002: gcc -c -g -O2  conftest.c >&5
configure:6002: $? = 0
configure:6010: result: inline
configure:6032: checking size of short
configure:6037: gcc -o conftest -g -O2   conftest.c -lm -lcrypt  >&5
configure:6037: $? = 0
configure:6037: ./conftest
configure:6037: $? = 0
configure:6051: result: 2
configure:6065: checking size of unsigned short
configure:6070: gcc -o conftest -g -O2   conftest.c -lm -lcrypt  >&5
configure:6070: $? = 0
configure:6070: ./conftest
configure:6070: $? = 0
configure:6084: result: 2
configure:6098: checking size of int
configure:6103: gcc -o conftest -g -O2   conftest.c -lm -lcrypt  >&5
configure:6103: $? = 0
configure:6103: ./conftest
configure:6103: $? = 0
configure:6117: result: 4
configure:6131: checking size of unsigned int
configure:6136: gcc -o conftest -g -O2   conftest.c -lm -lcrypt  >&5
configure:6136: $? = 0
configure:6136: ./conftest
configure:6136: $? = 0
configure:6150: result: 4
configure:6164: checking size of long
configure:6169: gcc -o conftest -g -O2   conftest.c -lm -lcrypt  >&5
configure:6169: $? = 0
configure:6169: ./conftest
configure:6169: $? = 0
configure:6183: result: 8
configure:6197: checking size of unsigned long
configure:6202: gcc -o conftest -g -O2   conftest.c -lm -lcrypt  >&5
configure:6202: $? = 0
configure:6202: ./conftest
configure:6202: $? = 0
configure:6216: result: 8
configure:6230: checking size of long long
configure:6235: gcc -o conftest -g -O2   conftest.c -lm -lcrypt  >&5
configure:6235: $? = 0
configure:6235: ./conftest
configure:6235: $? = 0
configure:6249: result: 8
configure:6263: checking size of unsigned long long
configure:6268: gcc -o conftest -g -O2   conftest.c -lm -lcrypt  >&5
configure:6268: $? = 0
configure:6268: ./conftest
configure:6268: $? = 0
configure:6282: result: 8
configure:6296: checking size of void *
configure:6301: gcc -o conftest -g -O2   conftest.c -lm -lcrypt  >&5
configure:6301: $? = 0
configure:6301: ./conftest
configure:6301: $? = 0
configure:6315: result: 8
configure:6325: checking for socklen_t dcls...
configure:6340: checking whether sys_siglist is declared
configure:6340: gcc -c -g -O2  conftest.c >&5
configure:6340: $? = 0
configure:6340: result: yes
configure:6357: checking for sys_signame decl
configure:6371: result: no
configure:6376: checking for getrusage dcl...
configure:6393: checking for getrlimit dcl...
configure:6410: checking whether byte ordering is bigendian
configure:6425: gcc -c -g -O2  conftest.c >&5
conftest.c:71:9: error: unknown type name 'not'
         not a universal capable compiler
         ^
conftest.c:71:15: error: expected '=', ',', ';', 'asm' or '__attribute__' before 'universal'
         not a universal capable compiler
               ^
conftest.c:71:15: error: unknown type name 'universal'
configure:6425: $? = 1
configure: failed program was:
| /* confdefs.h */
| #define PACKAGE_NAME "TinyMUX"
| #define PACKAGE_TARNAME "tinymux"
| #define PACKAGE_VERSION "2.12"
| #define PACKAGE_STRING "TinyMUX 2.12"
| #define PACKAGE_BUGREPORT "tinymux@googlegroups.com"
| #define PACKAGE_URL ""
| #define STDC_HEADERS 1
| #define HAVE_SYS_TYPES_H 1
| #define HAVE_SYS_STAT_H 1
| #define HAVE_STDLIB_H 1
| #define HAVE_STRING_H 1
| #define HAVE_MEMORY_H 1
| #define HAVE_STRINGS_H 1
| #define HAVE_INTTYPES_H 1
| #define HAVE_STDINT_H 1
| #define HAVE_UNISTD_H 1
| #define __EXTENSIONS__ 1
| #define _ALL_SOURCE 1
| #define _GNU_SOURCE 1
| #define _POSIX_PTHREAD_SEMANTICS 1
| #define _TANDEM_SOURCE 1
| #define HAVE_DLOPEN /**/
| #define HAVE_DIRENT_H 1
| #define STDC_HEADERS 1
| #define TIME_WITH_SYS_TIME 1
| #define HAVE_SYS_WAIT_H 1
| #define HAVE_UNISTD_H 1
| #define HAVE_STDDEF_H 1
| #define HAVE_MEMORY_H 1
| #define HAVE_STRING_H 1
| #define HAVE_ERRNO_H 1
| #define HAVE_MALLOC_H 1
| #define HAVE_SYS_SELECT_H 1
| #define HAVE_SYS_EPOLL_H 1
| #define HAVE_FCNTL_H 1
| #define HAVE_LIMITS_H 1
| #define HAVE_SYS_FILE_H 1
| #define HAVE_SYS_IOCTL_H 1
| #define HAVE_SYS_TYPES_H 1
| #define HAVE_SYS_TIME_H 1
| #define HAVE_SYS_STAT_H 1
| #define HAVE_SYS_PARAM_H 1
| #define HAVE_SYS_FCNTL_H 1
| #define HAVE_FPU_CONTROL_H 1
| #define HAVE_FENV_H 1
| #define HAVE_FLOAT_H 1
| #define HAVE_NETINET_IN_H 1
| #define HAVE_ARPA_INET_H 1
| #define HAVE_NETDB_H 1
| #define HAVE_SYS_SOCKET_H 1
| #define HAVE_STRUCT_SIGCONTEXT /**/
| #define MALLOC_IN_STDLIB_H /**/
| #define EXTENDED_STDIO_DCLS /**/
| #define EXTENDED_SOCKET_DCLS /**/
| #define HAVE_STRUCT_TM_TM_ZONE 1
| #define HAVE_TM_ZONE 1
| #define SIZEOF_SHORT 2
| #define SIZEOF_UNSIGNED_SHORT 2
| #define SIZEOF_INT 4
| #define SIZEOF_UNSIGNED_INT 4
| #define SIZEOF_LONG 8
| #define SIZEOF_UNSIGNED_LONG 8
| #define SIZEOF_LONG_LONG 8
| #define SIZEOF_UNSIGNED_LONG_LONG 8
| #define SIZEOF_VOID_P 8
| #define SOCKLEN_T_DCL /**/
| #define HAVE_DECL_SYS_SIGLIST 1
| /* end confdefs.h.  */
| #ifndef __APPLE_CC__
| 	       not a universal capable compiler
| 	     #endif
| 	     typedef int dummy;
| 
configure:6470: gcc -c -g -O2  conftest.c >&5
configure:6470: $? = 0
configure:6488: gcc -c -g -O2  conftest.c >&5
conftest.c: In function 'main':
conftest.c:77:4: error: unknown type name 'not'
    not big endian
    ^
conftest.c:77:12: error: expected '=', ',', ';', 'asm' or '__attribute__' before 'endian'
    not big endian
            ^
configure:6488: $? = 1
configure: failed program was:
| /* confdefs.h */
| #define PACKAGE_NAME "TinyMUX"
| #define PACKAGE_TARNAME "tinymux"
| #define PACKAGE_VERSION "2.12"
| #define PACKAGE_STRING "TinyMUX 2.12"
| #define PACKAGE_BUGREPORT "tinymux@googlegroups.com"
| #define PACKAGE_URL ""
| #define STDC_HEADERS 1
| #define HAVE_SYS_TYPES_H 1
| #define HAVE_SYS_STAT_H 1
| #define HAVE_STDLIB_H 1
| #define HAVE_STRING_H 1
| #define HAVE_MEMORY_H 1
| #define HAVE_STRINGS_H 1
| #define HAVE_INTTYPES_H 1
| #define HAVE_STDINT_H 1
| #define HAVE_UNISTD_H 1
| #define __EXTENSIONS__ 1
| #define _ALL_SOURCE 1
| #define _GNU_SOURCE 1
| #define _POSIX_PTHREAD_SEMANTICS 1
| #define _TANDEM_SOURCE 1
| #define HAVE_DLOPEN /**/
| #define HAVE_DIRENT_H 1
| #define STDC_HEADERS 1
| #define TIME_WITH_SYS_TIME 1
| #define HAVE_SYS_WAIT_H 1
| #define HAVE_UNISTD_H 1
| #define HAVE_STDDEF_H 1
| #define HAVE_MEMORY_H 1
| #define HAVE_STRING_H 1
| #define HAVE_ERRNO_H 1
| #define HAVE_MALLOC_H 1
| #define HAVE_SYS_SELECT_H 1
| #define HAVE_SYS_EPOLL_H 1
| #define HAVE_FCNTL_H 1
| #define HAVE_LIMITS_H 1
| #define HAVE_SYS_FILE_H 1
| #define HAVE_SYS_IOCTL_H 1
| #define HAVE_SYS_TYPES_H 1
| #define HAVE_SYS_TIME_H 1
| #define HAVE_SYS_STAT_H 1
| #define HAVE_SYS_PARAM_H 1
| #define HAVE_SYS_FCNTL_H 1
| #define HAVE_FPU_CONTROL_H 1
| #define HAVE_FENV_H 1
| #define HAVE_FLOAT_H 1
| #define HAVE_NETINET_IN_H 1
| #define HAVE_ARPA_INET_H 1
| #define HAVE_NETDB_H 1
| #define HAVE_SYS_SOCKET_H 1
| #define HAVE_STRUCT_SIGCONTEXT /**/
| #define MALLOC_IN_STDLIB_H /**/
| #define EXTENDED_STDIO_DCLS /**/
| #define EXTENDED_SOCKET_DCLS /**/
| #define HAVE_STRUCT_TM_TM_ZONE 1
| #define HAVE_TM_ZONE 1
| #define SIZEOF_SHORT 2
| #define SIZEOF_UNSIGNED_SHORT 2
| #define SIZEOF_INT 4
| #define SIZEOF_UNSIGNED_INT 4
| #define SIZEOF_LONG 8
| #define SIZEOF_UNSIGNED_LONG 8
| #define SIZEOF_LONG_LONG 8
| #define SIZEOF_UNSIGNED_LONG_LONG 8
| #define SIZEOF_VOID_P 8
| #define SOCKLEN_T_DCL /**/
| #define HAVE_DECL_SYS_SIGLIST 1
| /* end confdefs.h.  */
| #include <sys/types.h>
| 		#include <sys/param.h>
| 
| int
| main ()
| {
| #if BYTE_ORDER != BIG_ENDIAN
| 		 not big endian
| 		#endif
| 
|   ;
|   return 0;
| }
configure:6616: result: no
configure:6638: checking for in_addr_t
configure:6658: gcc -c -g -O2  conftest.c >&5
configure:6658: $? = 0
configure:6662: result: yes
configure:6669: checking for in_addr
configure:6689: gcc -c -g -O2  conftest.c >&5
configure:6689: $? = 0
configure:6693: result: yes
configure:6700: checking for sockaddr_in
configure:6720: gcc -c -g -O2  conftest.c >&5
configure:6720: $? = 0
configure:6724: result: yes
configure:6731: checking for in6_addr
configure:6751: gcc -c -g -O2  conftest.c >&5
configure:6751: $? = 0
configure:6755: result: yes
configure:6762: checking for sockaddr_in6
configure:6782: gcc -c -g -O2  conftest.c >&5
configure:6782: $? = 0
configure:6786: result: yes
configure:6793: checking for sockaddr_storage
configure:6813: gcc -c -g -O2  conftest.c >&5
configure:6813: $? = 0
configure:6817: result: yes
configure:6829: checking for vprintf
configure:6829: gcc -o conftest -g -O2   conftest.c -lm -lcrypt  >&5
conftest.c:100:6: warning: conflicting types for built-in function 'vprintf'
 char vprintf ();
      ^
configure:6829: $? = 0
configure:6829: result: yes
configure:6835: checking for _doprnt
configure:6835: gcc -o conftest -g -O2   conftest.c -lm -lcrypt  >&5
/tmp/ccuE2eIh.o: In function `main':
/media/Github/tinymux/mux/src/conftest.c:112: undefined reference to `_doprnt'
collect2: error: ld returned 1 exit status
configure:6835: $? = 1
configure: failed program was:
| /* confdefs.h */
| #define PACKAGE_NAME "TinyMUX"
| #define PACKAGE_TARNAME "tinymux"
| #define PACKAGE_VERSION "2.12"
| #define PACKAGE_STRING "TinyMUX 2.12"
| #define PACKAGE_BUGREPORT "tinymux@googlegroups.com"
| #define PACKAGE_URL ""
| #define STDC_HEADERS 1
| #define HAVE_SYS_TYPES_H 1
| #define HAVE_SYS_STAT_H 1
| #define HAVE_STDLIB_H 1
| #define HAVE_STRING_H 1
| #define HAVE_MEMORY_H 1
| #define HAVE_STRINGS_H 1
| #define HAVE_INTTYPES_H 1
| #define HAVE_STDINT_H 1
| #define HAVE_UNISTD_H 1
| #define __EXTENSIONS__ 1
| #define _ALL_SOURCE 1
| #define _GNU_SOURCE 1
| #define _POSIX_PTHREAD_SEMANTICS 1
| #define _TANDEM_SOURCE 1
| #define HAVE_DLOPEN /**/
| #define HAVE_DIRENT_H 1
| #define STDC_HEADERS 1
| #define TIME_WITH_SYS_TIME 1
| #define HAVE_SYS_WAIT_H 1
| #define HAVE_UNISTD_H 1
| #define HAVE_STDDEF_H 1
| #define HAVE_MEMORY_H 1
| #define HAVE_STRING_H 1
| #define HAVE_ERRNO_H 1
| #define HAVE_MALLOC_H 1
| #define HAVE_SYS_SELECT_H 1
| #define HAVE_SYS_EPOLL_H 1
| #define HAVE_FCNTL_H 1
| #define HAVE_LIMITS_H 1
| #define HAVE_SYS_FILE_H 1
| #define HAVE_SYS_IOCTL_H 1
| #define HAVE_SYS_TYPES_H 1
| #define HAVE_SYS_TIME_H 1
| #define HAVE_SYS_STAT_H 1
| #define HAVE_SYS_PARAM_H 1
| #define HAVE_SYS_FCNTL_H 1
| #define HAVE_FPU_CONTROL_H 1
| #define HAVE_FENV_H 1
| #define HAVE_FLOAT_H 1
| #define HAVE_NETINET_IN_H 1
| #define HAVE_ARPA_INET_H 1
| #define HAVE_NETDB_H 1
| #define HAVE_SYS_SOCKET_H 1
| #define HAVE_STRUCT_SIGCONTEXT /**/
| #define MALLOC_IN_STDLIB_H /**/
| #define EXTENDED_STDIO_DCLS /**/
| #define EXTENDED_SOCKET_DCLS /**/
| #define HAVE_STRUCT_TM_TM_ZONE 1
| #define HAVE_TM_ZONE 1
| #define SIZEOF_SHORT 2
| #define SIZEOF_UNSIGNED_SHORT 2
| #define SIZEOF_INT 4
| #define SIZEOF_UNSIGNED_INT 4
| #define SIZEOF_LONG 8
| #define SIZEOF_UNSIGNED_LONG 8
| #define SIZEOF_LONG_LONG 8
| #define SIZEOF_UNSIGNED_LONG_LONG 8
| #define SIZEOF_VOID_P 8
| #define SOCKLEN_T_DCL /**/
| #define HAVE_DECL_SYS_SIGLIST 1
| #define WORDS_LITTLEENDIAN /**/
| #define HAVE_IN_ADDR_T /**/
| #define HAVE_IN_ADDR /**/
| #define HAVE_SOCKADDR_IN /**/
| #define HAVE_IN6_ADDR /**/
| #define HAVE_SOCKADDR_IN6 /**/
| #define HAVE_SOCKADDR_STORAGE /**/
| #define HAVE_VPRINTF 1
| /* end confdefs.h.  */
| /* Define _doprnt to an innocuous variant, in case <limits.h> declares _doprnt.
|    For example, HP-UX 11i <limits.h> declares gettimeofday.  */
| #define _doprnt innocuous__doprnt
| 
| /* System header to define __stub macros and hopefully few prototypes,
|     which can conflict with char _doprnt (); below.
|     Prefer <limits.h> to <assert.h> if __STDC__ is defined, since
|     <limits.h> exists even on freestanding compilers.  */
| 
| #ifdef __STDC__
| # include <limits.h>
| #else
| # include <assert.h>
| #endif
| 
| #undef _doprnt
| 
| /* Override any GCC internal prototype to avoid an error.
|    Use char because int might match the return type of a GCC
|    builtin and then its argument prototype would still apply.  */
| #ifdef __cplusplus
| extern "C"
| #endif
| char _doprnt ();
| /* The GNU C library defines this for functions which it implements
|     to always fail with ENOSYS.  Some functions are actually named
|     something starting with __ and the normal name is an alias.  */
| #if defined __stub__doprnt || defined __stub____doprnt
| choke me
| #endif
| 
| int
| main ()
| {
| return _doprnt ();
|   ;
|   return 0;
| }
configure:6835: result: no
configure:6848: checking vfork.h usability
configure:6848: gcc -c -g -O2  conftest.c >&5
conftest.c:111:19: fatal error: vfork.h: No such file or directory
compilation terminated.
configure:6848: $? = 1
configure: failed program was:
| /* confdefs.h */
| #define PACKAGE_NAME "TinyMUX"
| #define PACKAGE_TARNAME "tinymux"
| #define PACKAGE_VERSION "2.12"
| #define PACKAGE_STRING "TinyMUX 2.12"
| #define PACKAGE_BUGREPORT "tinymux@googlegroups.com"
| #define PACKAGE_URL ""
| #define STDC_HEADERS 1
| #define HAVE_SYS_TYPES_H 1
| #define HAVE_SYS_STAT_H 1
| #define HAVE_STDLIB_H 1
| #define HAVE_STRING_H 1
| #define HAVE_MEMORY_H 1
| #define HAVE_STRINGS_H 1
| #define HAVE_INTTYPES_H 1
| #define HAVE_STDINT_H 1
| #define HAVE_UNISTD_H 1
| #define __EXTENSIONS__ 1
| #define _ALL_SOURCE 1
| #define _GNU_SOURCE 1
| #define _POSIX_PTHREAD_SEMANTICS 1
| #define _TANDEM_SOURCE 1
| #define HAVE_DLOPEN /**/
| #define HAVE_DIRENT_H 1
| #define STDC_HEADERS 1
| #define TIME_WITH_SYS_TIME 1
| #define HAVE_SYS_WAIT_H 1
| #define HAVE_UNISTD_H 1
| #define HAVE_STDDEF_H 1
| #define HAVE_MEMORY_H 1
| #define HAVE_STRING_H 1
| #define HAVE_ERRNO_H 1
| #define HAVE_MALLOC_H 1
| #define HAVE_SYS_SELECT_H 1
| #define HAVE_SYS_EPOLL_H 1
| #define HAVE_FCNTL_H 1
| #define HAVE_LIMITS_H 1
| #define HAVE_SYS_FILE_H 1
| #define HAVE_SYS_IOCTL_H 1
| #define HAVE_SYS_TYPES_H 1
| #define HAVE_SYS_TIME_H 1
| #define HAVE_SYS_STAT_H 1
| #define HAVE_SYS_PARAM_H 1
| #define HAVE_SYS_FCNTL_H 1
| #define HAVE_FPU_CONTROL_H 1
| #define HAVE_FENV_H 1
| #define HAVE_FLOAT_H 1
| #define HAVE_NETINET_IN_H 1
| #define HAVE_ARPA_INET_H 1
| #define HAVE_NETDB_H 1
| #define HAVE_SYS_SOCKET_H 1
| #define HAVE_STRUCT_SIGCONTEXT /**/
| #define MALLOC_IN_STDLIB_H /**/
| #define EXTENDED_STDIO_DCLS /**/
| #define EXTENDED_SOCKET_DCLS /**/
| #define HAVE_STRUCT_TM_TM_ZONE 1
| #define HAVE_TM_ZONE 1
| #define SIZEOF_SHORT 2
| #define SIZEOF_UNSIGNED_SHORT 2
| #define SIZEOF_INT 4
| #define SIZEOF_UNSIGNED_INT 4
| #define SIZEOF_LONG 8
| #define SIZEOF_UNSIGNED_LONG 8
| #define SIZEOF_LONG_LONG 8
| #define SIZEOF_UNSIGNED_LONG_LONG 8
| #define SIZEOF_VOID_P 8
| #define SOCKLEN_T_DCL /**/
| #define HAVE_DECL_SYS_SIGLIST 1
| #define WORDS_LITTLEENDIAN /**/
| #define HAVE_IN_ADDR_T /**/
| #define HAVE_IN_ADDR /**/
| #define HAVE_SOCKADDR_IN /**/
| #define HAVE_IN6_ADDR /**/
| #define HAVE_SOCKADDR_IN6 /**/
| #define HAVE_SOCKADDR_STORAGE /**/
| #define HAVE_VPRINTF 1
| /* end confdefs.h.  */
| #include <stdio.h>
| #ifdef HAVE_SYS_TYPES_H
| # include <sys/types.h>
| #endif
| #ifdef HAVE_SYS_STAT_H
| # include <sys/stat.h>
| #endif
| #ifdef STDC_HEADERS
| # include <stdlib.h>
| # include <stddef.h>
| #else
| # ifdef HAVE_STDLIB_H
| #  include <stdlib.h>
| # endif
| #endif
| #ifdef HAVE_STRING_H
| # if !defined STDC_HEADERS && defined HAVE_MEMORY_H
| #  include <memory.h>
| # endif
| # include <string.h>
| #endif
| #ifdef HAVE_STRINGS_H
| # include <strings.h>
| #endif
| #ifdef HAVE_INTTYPES_H
| # include <inttypes.h>
| #endif
| #ifdef HAVE_STDINT_H
| # include <stdint.h>
| #endif
| #ifdef HAVE_UNISTD_H
| # include <unistd.h>
| #endif
| #include <vfork.h>
configure:6848: result: no
configure:6848: checking vfork.h presence
configure:6848: gcc -E  conftest.c
conftest.c:78:19: fatal error: vfork.h: No such file or directory
compilation terminated.
configure:6848: $? = 1
configure: failed program was:
| /* confdefs.h */
| #define PACKAGE_NAME "TinyMUX"
| #define PACKAGE_TARNAME "tinymux"
| #define PACKAGE_VERSION "2.12"
| #define PACKAGE_STRING "TinyMUX 2.12"
| #define PACKAGE_BUGREPORT "tinymux@googlegroups.com"
| #define PACKAGE_URL ""
| #define STDC_HEADERS 1
| #define HAVE_SYS_TYPES_H 1
| #define HAVE_SYS_STAT_H 1
| #define HAVE_STDLIB_H 1
| #define HAVE_STRING_H 1
| #define HAVE_MEMORY_H 1
| #define HAVE_STRINGS_H 1
| #define HAVE_INTTYPES_H 1
| #define HAVE_STDINT_H 1
| #define HAVE_UNISTD_H 1
| #define __EXTENSIONS__ 1
| #define _ALL_SOURCE 1
| #define _GNU_SOURCE 1
| #define _POSIX_PTHREAD_SEMANTICS 1
| #define _TANDEM_SOURCE 1
| #define HAVE_DLOPEN /**/
| #define HAVE_DIRENT_H 1
| #define STDC_HEADERS 1
| #define TIME_WITH_SYS_TIME 1
| #define HAVE_SYS_WAIT_H 1
| #define HAVE_UNISTD_H 1
| #define HAVE_STDDEF_H 1
| #define HAVE_MEMORY_H 1
| #define HAVE_STRING_H 1
| #define HAVE_ERRNO_H 1
| #define HAVE_MALLOC_H 1
| #define HAVE_SYS_SELECT_H 1
| #define HAVE_SYS_EPOLL_H 1
| #define HAVE_FCNTL_H 1
| #define HAVE_LIMITS_H 1
| #define HAVE_SYS_FILE_H 1
| #define HAVE_SYS_IOCTL_H 1
| #define HAVE_SYS_TYPES_H 1
| #define HAVE_SYS_TIME_H 1
| #define HAVE_SYS_STAT_H 1
| #define HAVE_SYS_PARAM_H 1
| #define HAVE_SYS_FCNTL_H 1
| #define HAVE_FPU_CONTROL_H 1
| #define HAVE_FENV_H 1
| #define HAVE_FLOAT_H 1
| #define HAVE_NETINET_IN_H 1
| #define HAVE_ARPA_INET_H 1
| #define HAVE_NETDB_H 1
| #define HAVE_SYS_SOCKET_H 1
| #define HAVE_STRUCT_SIGCONTEXT /**/
| #define MALLOC_IN_STDLIB_H /**/
| #define EXTENDED_STDIO_DCLS /**/
| #define EXTENDED_SOCKET_DCLS /**/
| #define HAVE_STRUCT_TM_TM_ZONE 1
| #define HAVE_TM_ZONE 1
| #define SIZEOF_SHORT 2
| #define SIZEOF_UNSIGNED_SHORT 2
| #define SIZEOF_INT 4
| #define SIZEOF_UNSIGNED_INT 4
| #define SIZEOF_LONG 8
| #define SIZEOF_UNSIGNED_LONG 8
| #define SIZEOF_LONG_LONG 8
| #define SIZEOF_UNSIGNED_LONG_LONG 8
| #define SIZEOF_VOID_P 8
| #define SOCKLEN_T_DCL /**/
| #define HAVE_DECL_SYS_SIGLIST 1
| #define WORDS_LITTLEENDIAN /**/
| #define HAVE_IN_ADDR_T /**/
| #define HAVE_IN_ADDR /**/
| #define HAVE_SOCKADDR_IN /**/
| #define HAVE_IN6_ADDR /**/
| #define HAVE_SOCKADDR_IN6 /**/
| #define HAVE_SOCKADDR_STORAGE /**/
| #define HAVE_VPRINTF 1
| /* end confdefs.h.  */
| #include <vfork.h>
configure:6848: result: no
configure:6848: checking for vfork.h
configure:6848: result: no
configure:6861: checking for fork
configure:6861: gcc -o conftest -g -O2   conftest.c -lm -lcrypt  >&5
conftest.c:101:6: warning: conflicting types for built-in function 'fork'
 char fork ();
      ^
configure:6861: $? = 0
configure:6861: result: yes
configure:6861: checking for vfork
configure:6861: gcc -o conftest -g -O2   conftest.c -lm -lcrypt  >&5
configure:6861: $? = 0
configure:6861: result: yes
configure:6871: checking for working fork
configure:6893: gcc -o conftest -g -O2   conftest.c -lm -lcrypt  >&5
configure:6893: $? = 0
configure:6893: ./conftest
configure:6893: $? = 0
configure:6903: result: yes
configure:6924: checking for working vfork
configure:7034: result: yes
configure:7062: checking for crypt
configure:7062: gcc -o conftest -g -O2   conftest.c -lm -lcrypt  >&5
configure:7062: $? = 0
configure:7062: result: yes
configure:7062: checking for getdtablesize
configure:7062: gcc -o conftest -g -O2   conftest.c -lm -lcrypt  >&5
configure:7062: $? = 0
configure:7062: result: yes
configure:7062: checking for gethostbyaddr
configure:7062: gcc -o conftest -g -O2   conftest.c -lm -lcrypt  >&5
configure:7062: $? = 0
configure:7062: result: yes
configure:7062: checking for gethostbyname
configure:7062: gcc -o conftest -g -O2   conftest.c -lm -lcrypt  >&5
configure:7062: $? = 0
configure:7062: result: yes
configure:7062: checking for getnameinfo
configure:7062: gcc -o conftest -g -O2   conftest.c -lm -lcrypt  >&5
configure:7062: $? = 0
configure:7062: result: yes
configure:7062: checking for getaddrinfo
configure:7062: gcc -o conftest -g -O2   conftest.c -lm -lcrypt  >&5
configure:7062: $? = 0
configure:7062: result: yes
configure:7062: checking for inet_ntop
configure:7062: gcc -o conftest -g -O2   conftest.c -lm -lcrypt  >&5
configure:7062: $? = 0
configure:7062: result: yes
configure:7062: checking for inet_pton
configure:7062: gcc -o conftest -g -O2   conftest.c -lm -lcrypt  >&5
configure:7062: $? = 0
configure:7062: result: yes
configure:7062: checking for getpagesize
configure:7062: gcc -o conftest -g -O2   conftest.c -lm -lcrypt  >&5
configure:7062: $? = 0
configure:7062: result: yes
configure:7062: checking for getrusage
configure:7062: gcc -o conftest -g -O2   conftest.c -lm -lcrypt  >&5
configure:7062: $? = 0
configure:7062: result: yes
configure:7062: checking for gettimeofday
configure:7062: gcc -o conftest -g -O2   conftest.c -lm -lcrypt  >&5
configure:7062: $? = 0
configure:7062: result: yes
configure:7074: checking for localtime_r
configure:7074: gcc -o conftest -g -O2   conftest.c -lm -lcrypt  >&5
configure:7074: $? = 0
configure:7074: result: yes
configure:7074: checking for nanosleep
configure:7074: gcc -o conftest -g -O2   conftest.c -lm -lcrypt  >&5
configure:7074: $? = 0
configure:7074: result: yes
configure:7074: checking for select
configure:7074: gcc -o conftest -g -O2   conftest.c -lm -lcrypt  >&5
configure:7074: $? = 0
configure:7074: result: yes
configure:7074: checking for setitimer
configure:7074: gcc -o conftest -g -O2   conftest.c -lm -lcrypt  >&5
configure:7074: $? = 0
configure:7074: result: yes
configure:7074: checking for setrlimit
configure:7074: gcc -o conftest -g -O2   conftest.c -lm -lcrypt  >&5
configure:7074: $? = 0
configure:7074: result: yes
configure:7074: checking for socket
configure:7074: gcc -o conftest -g -O2   conftest.c -lm -lcrypt  >&5
configure:7074: $? = 0
configure:7074: result: yes
configure:7074: checking for srandom
configure:7074: gcc -o conftest -g -O2   conftest.c -lm -lcrypt  >&5
configure:7074: $? = 0
configure:7074: result: yes
configure:7074: checking for tzset
configure:7074: gcc -o conftest -g -O2   conftest.c -lm -lcrypt  >&5
configure:7074: $? = 0
configure:7074: result: yes
configure:7074: checking for usleep
configure:7074: gcc -o conftest -g -O2   conftest.c -lm -lcrypt  >&5
configure:7074: $? = 0
configure:7074: result: yes
configure:7074: checking for log2
configure:7074: gcc -o conftest -g -O2   conftest.c -lm -lcrypt  >&5
conftest.c:125:6: warning: conflicting types for built-in function 'log2'
 char log2 ();
      ^
configure:7074: $? = 0
configure:7074: result: yes
configure:7086: checking for epoll_create
configure:7086: gcc -o conftest -g -O2   conftest.c -lm -lcrypt  >&5
configure:7086: $? = 0
configure:7086: result: yes
configure:7086: checking for epoll_ctl
configure:7086: gcc -o conftest -g -O2   conftest.c -lm -lcrypt  >&5
configure:7086: $? = 0
configure:7086: result: yes
configure:7086: checking for epoll_wait
configure:7086: gcc -o conftest -g -O2   conftest.c -lm -lcrypt  >&5
configure:7086: $? = 0
configure:7086: result: yes
configure:7086: checking for kqueue
configure:7086: gcc -o conftest -g -O2   conftest.c -lm -lcrypt  >&5
/tmp/ccgPc2su.o: In function `main':
/media/Github/tinymux/mux/src/conftest.c:140: undefined reference to `kqueue'
collect2: error: ld returned 1 exit status
configure:7086: $? = 1
configure: failed program was:
| /* confdefs.h */
| #define PACKAGE_NAME "TinyMUX"
| #define PACKAGE_TARNAME "tinymux"
| #define PACKAGE_VERSION "2.12"
| #define PACKAGE_STRING "TinyMUX 2.12"
| #define PACKAGE_BUGREPORT "tinymux@googlegroups.com"
| #define PACKAGE_URL ""
| #define STDC_HEADERS 1
| #define HAVE_SYS_TYPES_H 1
| #define HAVE_SYS_STAT_H 1
| #define HAVE_STDLIB_H 1
| #define HAVE_STRING_H 1
| #define HAVE_MEMORY_H 1
| #define HAVE_STRINGS_H 1
| #define HAVE_INTTYPES_H 1
| #define HAVE_STDINT_H 1
| #define HAVE_UNISTD_H 1
| #define __EXTENSIONS__ 1
| #define _ALL_SOURCE 1
| #define _GNU_SOURCE 1
| #define _POSIX_PTHREAD_SEMANTICS 1
| #define _TANDEM_SOURCE 1
| #define HAVE_DLOPEN /**/
| #define HAVE_DIRENT_H 1
| #define STDC_HEADERS 1
| #define TIME_WITH_SYS_TIME 1
| #define HAVE_SYS_WAIT_H 1
| #define HAVE_UNISTD_H 1
| #define HAVE_STDDEF_H 1
| #define HAVE_MEMORY_H 1
| #define HAVE_STRING_H 1
| #define HAVE_ERRNO_H 1
| #define HAVE_MALLOC_H 1
| #define HAVE_SYS_SELECT_H 1
| #define HAVE_SYS_EPOLL_H 1
| #define HAVE_FCNTL_H 1
| #define HAVE_LIMITS_H 1
| #define HAVE_SYS_FILE_H 1
| #define HAVE_SYS_IOCTL_H 1
| #define HAVE_SYS_TYPES_H 1
| #define HAVE_SYS_TIME_H 1
| #define HAVE_SYS_STAT_H 1
| #define HAVE_SYS_PARAM_H 1
| #define HAVE_SYS_FCNTL_H 1
| #define HAVE_FPU_CONTROL_H 1
| #define HAVE_FENV_H 1
| #define HAVE_FLOAT_H 1
| #define HAVE_NETINET_IN_H 1
| #define HAVE_ARPA_INET_H 1
| #define HAVE_NETDB_H 1
| #define HAVE_SYS_SOCKET_H 1
| #define HAVE_STRUCT_SIGCONTEXT /**/
| #define MALLOC_IN_STDLIB_H /**/
| #define EXTENDED_STDIO_DCLS /**/
| #define EXTENDED_SOCKET_DCLS /**/
| #define HAVE_STRUCT_TM_TM_ZONE 1
| #define HAVE_TM_ZONE 1
| #define SIZEOF_SHORT 2
| #define SIZEOF_UNSIGNED_SHORT 2
| #define SIZEOF_INT 4
| #define SIZEOF_UNSIGNED_INT 4
| #define SIZEOF_LONG 8
| #define SIZEOF_UNSIGNED_LONG 8
| #define SIZEOF_LONG_LONG 8
| #define SIZEOF_UNSIGNED_LONG_LONG 8
| #define SIZEOF_VOID_P 8
| #define SOCKLEN_T_DCL /**/
| #define HAVE_DECL_SYS_SIGLIST 1
| #define WORDS_LITTLEENDIAN /**/
| #define HAVE_IN_ADDR_T /**/
| #define HAVE_IN_ADDR /**/
| #define HAVE_SOCKADDR_IN /**/
| #define HAVE_IN6_ADDR /**/
| #define HAVE_SOCKADDR_IN6 /**/
| #define HAVE_SOCKADDR_STORAGE /**/
| #define HAVE_VPRINTF 1
| #define HAVE_FORK 1
| #define HAVE_VFORK 1
| #define HAVE_WORKING_VFORK 1
| #define HAVE_WORKING_FORK 1
| #define HAVE_CRYPT 1
| #define HAVE_GETDTABLESIZE 1
| #define HAVE_GETHOSTBYADDR 1
| #define HAVE_GETHOSTBYNAME 1
| #define HAVE_GETNAMEINFO 1
| #define HAVE_GETADDRINFO 1
| #define HAVE_INET_NTOP 1
| #define HAVE_INET_PTON 1
| #define HAVE_GETPAGESIZE 1
| #define HAVE_GETRUSAGE 1
| #define HAVE_GETTIMEOFDAY 1
| #define HAVE_LOCALTIME_R 1
| #define HAVE_NANOSLEEP 1
| #define HAVE_SELECT 1
| #define HAVE_SETITIMER 1
| #define HAVE_SETRLIMIT 1
| #define HAVE_SOCKET 1
| #define HAVE_SRANDOM 1
| #define HAVE_TZSET 1
| #define HAVE_USLEEP 1
| #define HAVE_LOG2 1
| #define HAVE_EPOLL_CREATE 1
| #define HAVE_EPOLL_CTL 1
| #define HAVE_EPOLL_WAIT 1
| /* end confdefs.h.  */
| /* Define kqueue to an innocuous variant, in case <limits.h> declares kqueue.
|    For example, HP-UX 11i <limits.h> declares gettimeofday.  */
| #define kqueue innocuous_kqueue
| 
| /* System header to define __stub macros and hopefully few prototypes,
|     which can conflict with char kqueue (); below.
|     Prefer <limits.h> to <assert.h> if __STDC__ is defined, since
|     <limits.h> exists even on freestanding compilers.  */
| 
| #ifdef __STDC__
| # include <limits.h>
| #else
| # include <assert.h>
| #endif
| 
| #undef kqueue
| 
| /* Override any GCC internal prototype to avoid an error.
|    Use char because int might match the return type of a GCC
|    builtin and then its argument prototype would still apply.  */
| #ifdef __cplusplus
| extern "C"
| #endif
| char kqueue ();
| /* The GNU C library defines this for functions which it implements
|     to always fail with ENOSYS.  Some functions are actually named
|     something starting with __ and the normal name is an alias.  */
| #if defined __stub_kqueue || defined __stub___kqueue
| choke me
| #endif
| 
| int
| main ()
| {
| return kqueue ();
|   ;
|   return 0;
| }
configure:7086: result: no
configure:7086: checking for kevent
configure:7086: gcc -o conftest -g -O2   conftest.c -lm -lcrypt  >&5
/tmp/ccUphHIw.o: In function `main':
/media/Github/tinymux/mux/src/conftest.c:140: undefined reference to `kevent'
collect2: error: ld returned 1 exit status
configure:7086: $? = 1
configure: failed program was:
| /* confdefs.h */
| #define PACKAGE_NAME "TinyMUX"
| #define PACKAGE_TARNAME "tinymux"
| #define PACKAGE_VERSION "2.12"
| #define PACKAGE_STRING "TinyMUX 2.12"
| #define PACKAGE_BUGREPORT "tinymux@googlegroups.com"
| #define PACKAGE_URL ""
| #define STDC_HEADERS 1
| #define HAVE_SYS_TYPES_H 1
| #define HAVE_SYS_STAT_H 1
| #define HAVE_STDLIB_H 1
| #define HAVE_STRING_H 1
| #define HAVE_MEMORY_H 1
| #define HAVE_STRINGS_H 1
| #define HAVE_INTTYPES_H 1
| #define HAVE_STDINT_H 1
| #define HAVE_UNISTD_H 1
| #define __EXTENSIONS__ 1
| #define _ALL_SOURCE 1
| #define _GNU_SOURCE 1
| #define _POSIX_PTHREAD_SEMANTICS 1
| #define _TANDEM_SOURCE 1
| #define HAVE_DLOPEN /**/
| #define HAVE_DIRENT_H 1
| #define STDC_HEADERS 1
| #define TIME_WITH_SYS_TIME 1
| #define HAVE_SYS_WAIT_H 1
| #define HAVE_UNISTD_H 1
| #define HAVE_STDDEF_H 1
| #define HAVE_MEMORY_H 1
| #define HAVE_STRING_H 1
| #define HAVE_ERRNO_H 1
| #define HAVE_MALLOC_H 1
| #define HAVE_SYS_SELECT_H 1
| #define HAVE_SYS_EPOLL_H 1
| #define HAVE_FCNTL_H 1
| #define HAVE_LIMITS_H 1
| #define HAVE_SYS_FILE_H 1
| #define HAVE_SYS_IOCTL_H 1
| #define HAVE_SYS_TYPES_H 1
| #define HAVE_SYS_TIME_H 1
| #define HAVE_SYS_STAT_H 1
| #define HAVE_SYS_PARAM_H 1
| #define HAVE_SYS_FCNTL_H 1
| #define HAVE_FPU_CONTROL_H 1
| #define HAVE_FENV_H 1
| #define HAVE_FLOAT_H 1
| #define HAVE_NETINET_IN_H 1
| #define HAVE_ARPA_INET_H 1
| #define HAVE_NETDB_H 1
| #define HAVE_SYS_SOCKET_H 1
| #define HAVE_STRUCT_SIGCONTEXT /**/
| #define MALLOC_IN_STDLIB_H /**/
| #define EXTENDED_STDIO_DCLS /**/
| #define EXTENDED_SOCKET_DCLS /**/
| #define HAVE_STRUCT_TM_TM_ZONE 1
| #define HAVE_TM_ZONE 1
| #define SIZEOF_SHORT 2
| #define SIZEOF_UNSIGNED_SHORT 2
| #define SIZEOF_INT 4
| #define SIZEOF_UNSIGNED_INT 4
| #define SIZEOF_LONG 8
| #define SIZEOF_UNSIGNED_LONG 8
| #define SIZEOF_LONG_LONG 8
| #define SIZEOF_UNSIGNED_LONG_LONG 8
| #define SIZEOF_VOID_P 8
| #define SOCKLEN_T_DCL /**/
| #define HAVE_DECL_SYS_SIGLIST 1
| #define WORDS_LITTLEENDIAN /**/
| #define HAVE_IN_ADDR_T /**/
| #define HAVE_IN_ADDR /**/
| #define HAVE_SOCKADDR_IN /**/
| #define HAVE_IN6_ADDR /**/
| #define HAVE_SOCKADDR_IN6 /**/
| #define HAVE_SOCKADDR_STORAGE /**/
| #define HAVE_VPRINTF 1
| #define HAVE_FORK 1
| #define HAVE_VFORK 1
| #define HAVE_WORKING_VFORK 1
| #define HAVE_WORKING_FORK 1
| #define HAVE_CRYPT 1
| #define HAVE_GETDTABLESIZE 1
| #define HAVE_GETHOSTBYADDR 1
| #define HAVE_GETHOSTBYNAME 1
| #define HAVE_GETNAMEINFO 1
| #define HAVE_GETADDRINFO 1
| #define HAVE_INET_NTOP 1
| #define HAVE_INET_PTON 1
| #define HAVE_GETPAGESIZE 1
| #define HAVE_GETRUSAGE 1
| #define HAVE_GETTIMEOFDAY 1
| #define HAVE_LOCALTIME_R 1
| #define HAVE_NANOSLEEP 1
| #define HAVE_SELECT 1
| #define HAVE_SETITIMER 1
| #define HAVE_SETRLIMIT 1
| #define HAVE_SOCKET 1
| #define HAVE_SRANDOM 1
| #define HAVE_TZSET 1
| #define HAVE_USLEEP 1
| #define HAVE_LOG2 1
| #define HAVE_EPOLL_CREATE 1
| #define HAVE_EPOLL_CTL 1
| #define HAVE_EPOLL_WAIT 1
| /* end confdefs.h.  */
| /* Define kevent to an innocuous variant, in case <limits.h> declares kevent.
|    For example, HP-UX 11i <limits.h> declares gettimeofday.  */
| #define kevent innocuous_kevent
| 
| /* System header to define __stub macros and hopefully few prototypes,
|     which can conflict with char kevent (); below.
|     Prefer <limits.h> to <assert.h> if __STDC__ is defined, since
|     <limits.h> exists even on freestanding compilers.  */
| 
| #ifdef __STDC__
| # include <limits.h>
| #else
| # include <assert.h>
| #endif
| 
| #undef kevent
| 
| /* Override any GCC internal prototype to avoid an error.
|    Use char because int might match the return type of a GCC
|    builtin and then its argument prototype would still apply.  */
| #ifdef __cplusplus
| extern "C"
| #endif
| char kevent ();
| /* The GNU C library defines this for functions which it implements
|     to always fail with ENOSYS.  Some functions are actually named
|     something starting with __ and the normal name is an alias.  */
| #if defined __stub_kevent || defined __stub___kevent
| choke me
| #endif
| 
| int
| main ()
| {
| return kevent ();
|   ;
|   return 0;
| }
configure:7086: result: no
configure:7095: checking for pread and pwrite...
configure:7111: gcc -o conftest -g -O2   conftest.c -lm -lcrypt  >&5
conftest.c:110:1: warning: return type defaults to 'int' [-Wimplicit-int]
 main() { pwrite(0, "abc", 3, 0); exit(0); }
 ^
conftest.c: In function 'main':
conftest.c:110:34: warning: implicit declaration of function 'exit' [-Wimplicit-function-declaration]
 main() { pwrite(0, "abc", 3, 0); exit(0); }
                                  ^
conftest.c:110:34: warning: incompatible implicit declaration of built-in function 'exit'
conftest.c:110:34: note: include '<stdlib.h>' or provide a declaration of 'exit'
configure:7111: $? = 0
configure:7111: ./conftest
configure:7111: $? = 0
configure:7132: checking for signal SIGCHLD braindamage...
configure:7174: gcc -o conftest -g -O2   conftest.c -lm -lcrypt  >&5
conftest.c:117:1: error: unknown type name 'RETSIGTYPE'
 RETSIGTYPE sighand(int sig, int code)
 ^
conftest.c: In function 'sighand':
conftest.c:122:5: warning: implicit declaration of function 'exit' [-Wimplicit-function-declaration]
     exit(1);
     ^
conftest.c:122:5: warning: incompatible implicit declaration of built-in function 'exit'
conftest.c:122:5: note: include '<stdlib.h>' or provide a declaration of 'exit'
conftest.c:123:19: warning: passing argument 2 of 'signal' from incompatible pointer type [-Wincompatible-pointer-types]
   signal(SIGCHLD, sighand);
                   ^
In file included from conftest.c:109:0:
/usr/include/signal.h:102:23: note: expected '__sighandler_t {aka void (*)(int)}' but argument is of type 'int (*)(int,  int)'
 extern __sighandler_t signal (int __sig, __sighandler_t __handler)
                       ^
conftest.c:124:3: warning: implicit declaration of function 'wait' [-Wimplicit-function-declaration]
   wait(&stat);
   ^
conftest.c:125:3: warning: 'return' with no value, in function returning non-void
   return;
   ^
conftest.c: In function 'main':
conftest.c:131:19: warning: passing argument 2 of 'signal' from incompatible pointer type [-Wincompatible-pointer-types]
   signal(SIGCHLD, sighand);
                   ^
In file included from conftest.c:109:0:
/usr/include/signal.h:102:23: note: expected '__sighandler_t {aka void (*)(int)}' but argument is of type 'int (*)(int,  int)'
 extern __sighandler_t signal (int __sig, __sighandler_t __handler)
                       ^
conftest.c:132:7: warning: implicit declaration of function 'fork' [-Wimplicit-function-declaration]
   if (fork()) {
       ^
conftest.c:133:5: warning: implicit declaration of function 'sleep' [-Wimplicit-function-declaration]
     sleep(10);
     ^
conftest.c:136:5: warning: incompatible implicit declaration of built-in function 'exit'
     exit(1);
     ^
conftest.c:136:5: note: include '<stdlib.h>' or provide a declaration of 'exit'
conftest.c:138:3: warning: incompatible implicit declaration of built-in function 'exit'
   exit(0);
   ^
conftest.c:138:3: note: include '<stdlib.h>' or provide a declaration of 'exit'
configure:7174: $? = 1
configure: program exited with status 1
configure: failed program was:
| /* confdefs.h */
| #define PACKAGE_NAME "TinyMUX"
| #define PACKAGE_TARNAME "tinymux"
| #define PACKAGE_VERSION "2.12"
| #define PACKAGE_STRING "TinyMUX 2.12"
| #define PACKAGE_BUGREPORT "tinymux@googlegroups.com"
| #define PACKAGE_URL ""
| #define STDC_HEADERS 1
| #define HAVE_SYS_TYPES_H 1
| #define HAVE_SYS_STAT_H 1
| #define HAVE_STDLIB_H 1
| #define HAVE_STRING_H 1
| #define HAVE_MEMORY_H 1
| #define HAVE_STRINGS_H 1
| #define HAVE_INTTYPES_H 1
| #define HAVE_STDINT_H 1
| #define HAVE_UNISTD_H 1
| #define __EXTENSIONS__ 1
| #define _ALL_SOURCE 1
| #define _GNU_SOURCE 1
| #define _POSIX_PTHREAD_SEMANTICS 1
| #define _TANDEM_SOURCE 1
| #define HAVE_DLOPEN /**/
| #define HAVE_DIRENT_H 1
| #define STDC_HEADERS 1
| #define TIME_WITH_SYS_TIME 1
| #define HAVE_SYS_WAIT_H 1
| #define HAVE_UNISTD_H 1
| #define HAVE_STDDEF_H 1
| #define HAVE_MEMORY_H 1
| #define HAVE_STRING_H 1
| #define HAVE_ERRNO_H 1
| #define HAVE_MALLOC_H 1
| #define HAVE_SYS_SELECT_H 1
| #define HAVE_SYS_EPOLL_H 1
| #define HAVE_FCNTL_H 1
| #define HAVE_LIMITS_H 1
| #define HAVE_SYS_FILE_H 1
| #define HAVE_SYS_IOCTL_H 1
| #define HAVE_SYS_TYPES_H 1
| #define HAVE_SYS_TIME_H 1
| #define HAVE_SYS_STAT_H 1
| #define HAVE_SYS_PARAM_H 1
| #define HAVE_SYS_FCNTL_H 1
| #define HAVE_FPU_CONTROL_H 1
| #define HAVE_FENV_H 1
| #define HAVE_FLOAT_H 1
| #define HAVE_NETINET_IN_H 1
| #define HAVE_ARPA_INET_H 1
| #define HAVE_NETDB_H 1
| #define HAVE_SYS_SOCKET_H 1
| #define HAVE_STRUCT_SIGCONTEXT /**/
| #define MALLOC_IN_STDLIB_H /**/
| #define EXTENDED_STDIO_DCLS /**/
| #define EXTENDED_SOCKET_DCLS /**/
| #define HAVE_STRUCT_TM_TM_ZONE 1
| #define HAVE_TM_ZONE 1
| #define SIZEOF_SHORT 2
| #define SIZEOF_UNSIGNED_SHORT 2
| #define SIZEOF_INT 4
| #define SIZEOF_UNSIGNED_INT 4
| #define SIZEOF_LONG 8
| #define SIZEOF_UNSIGNED_LONG 8
| #define SIZEOF_LONG_LONG 8
| #define SIZEOF_UNSIGNED_LONG_LONG 8
| #define SIZEOF_VOID_P 8
| #define SOCKLEN_T_DCL /**/
| #define HAVE_DECL_SYS_SIGLIST 1
| #define WORDS_LITTLEENDIAN /**/
| #define HAVE_IN_ADDR_T /**/
| #define HAVE_IN_ADDR /**/
| #define HAVE_SOCKADDR_IN /**/
| #define HAVE_IN6_ADDR /**/
| #define HAVE_SOCKADDR_IN6 /**/
| #define HAVE_SOCKADDR_STORAGE /**/
| #define HAVE_VPRINTF 1
| #define HAVE_FORK 1
| #define HAVE_VFORK 1
| #define HAVE_WORKING_VFORK 1
| #define HAVE_WORKING_FORK 1
| #define HAVE_CRYPT 1
| #define HAVE_GETDTABLESIZE 1
| #define HAVE_GETHOSTBYADDR 1
| #define HAVE_GETHOSTBYNAME 1
| #define HAVE_GETNAMEINFO 1
| #define HAVE_GETADDRINFO 1
| #define HAVE_INET_NTOP 1
| #define HAVE_INET_PTON 1
| #define HAVE_GETPAGESIZE 1
| #define HAVE_GETRUSAGE 1
| #define HAVE_GETTIMEOFDAY 1
| #define HAVE_LOCALTIME_R 1
| #define HAVE_NANOSLEEP 1
| #define HAVE_SELECT 1
| #define HAVE_SETITIMER 1
| #define HAVE_SETRLIMIT 1
| #define HAVE_SOCKET 1
| #define HAVE_SRANDOM 1
| #define HAVE_TZSET 1
| #define HAVE_USLEEP 1
| #define HAVE_LOG2 1
| #define HAVE_EPOLL_CREATE 1
| #define HAVE_EPOLL_CTL 1
| #define HAVE_EPOLL_WAIT 1
| #define HAVE_PREAD /**/
| #define HAVE_PWRITE /**/
| /* end confdefs.h.  */
| 
| #include <signal.h>
| 
| #ifndef SIGCHLD
| #define SIGCHLD SIGCLD
| #endif
| 
| int rlev;
| 
| RETSIGTYPE sighand(int sig, int code)
| {
|   int stat;
| 
|   if (rlev++ > 2)
|     exit(1);
|   signal(SIGCHLD, sighand);
|   wait(&stat);
|   return;
| }
| 
| int main(int argc, char *argv[])
| {
|   rlev = 0;
|   signal(SIGCHLD, sighand);
|   if (fork()) {
|     sleep(10);
|   } else {
|     sleep(2);
|     exit(1);
|   }
|   exit(0);
| }
| 
configure:7186: checking for IEEE floating-point format...
configure:7213: gcc -o conftest -g -O2   conftest.c -lm -lcrypt  >&5
configure:7213: $? = 0
configure:7213: ./conftest
configure:7213: $? = 0
configure:7226: checking for IEEE floating-point exception handling...
configure:7257: gcc -o conftest -g -O2   conftest.c -lm -lcrypt  >&5
configure:7257: $? = 0
configure:7257: ./conftest
configure:7257: $? = 0
configure:7270: checking for how division/moduli of negative quotients are handled...
configure:7292: gcc -o conftest -g -O2   conftest.c -lm -lcrypt  >&5
configure:7292: $? = 0
configure:7292: ./conftest
configure:7292: $? = 0
configure:7306: checking whether unaligned 'short' access is permitted...
configure:7326: gcc -o conftest -g -O2   conftest.c -lm -lcrypt  >&5
configure:7326: $? = 0
configure:7326: ./conftest
configure:7326: $? = 0
configure:7335: checking whether unaligned 'int' access is permitted...
configure:7355: gcc -o conftest -g -O2   conftest.c -lm -lcrypt  >&5
configure:7355: $? = 0
configure:7355: ./conftest
configure:7355: $? = 0
configure:7364: checking whether unaligned 'long' access is permitted...
configure:7384: gcc -o conftest -g -O2   conftest.c -lm -lcrypt  >&5
configure:7384: $? = 0
configure:7384: ./conftest
configure:7384: $? = 0
configure:7393: checking whether unaligned 'long long' access is permitted...
configure:7413: gcc -o conftest -g -O2   conftest.c -lm -lcrypt  >&5
configure:7413: $? = 0
configure:7413: ./conftest
configure:7413: $? = 0
configure:7435: gcc -c -g -O2  conftest.c >&5
configure:7435: $? = 0
configure:7441: checking for /dev/urandom...
configure:7570: creating ./config.status

## ---------------------- ##
## Running config.status. ##
## ---------------------- ##

This file was extended by TinyMUX config.status 2.12, which was
generated by GNU Autoconf 2.68.  Invocation command line was

  CONFIG_FILES    = 
  CONFIG_HEADERS  = 
  CONFIG_LINKS    = 
  CONFIG_COMMANDS = 
  $ ./config.status 

on Yui

config.status:943: creating Makefile
config.status:943: creating autoconf.h
config.status:1113: autoconf.h is unchanged
configure:8806: === configuring in modules (/media/Github/tinymux/mux/src/modules)
configure:8869: running /bin/sh ./configure --disable-option-checking '--prefix=/usr/local'  '--enable-stubslave' --cache-file=/dev/null --srcdir=.

## ---------------- ##
## Cache variables. ##
## ---------------- ##

ac_cv_build=x86_64-unknown-linux-gnu
ac_cv_c_bigendian=no
ac_cv_c_compiler_gnu=yes
ac_cv_c_const=yes
ac_cv_c_inline=inline
ac_cv_cxx_compiler_gnu=yes
ac_cv_env_CCC_set=
ac_cv_env_CCC_value=
ac_cv_env_CC_set=
ac_cv_env_CC_value=
ac_cv_env_CFLAGS_set=
ac_cv_env_CFLAGS_value=
ac_cv_env_CPPFLAGS_set=
ac_cv_env_CPPFLAGS_value=
ac_cv_env_CPP_set=
ac_cv_env_CPP_value=
ac_cv_env_CXXCPP_set=
ac_cv_env_CXXCPP_value=
ac_cv_env_CXXFLAGS_set=
ac_cv_env_CXXFLAGS_value=
ac_cv_env_CXX_set=
ac_cv_env_CXX_value=
ac_cv_env_LDFLAGS_set=
ac_cv_env_LDFLAGS_value=
ac_cv_env_LIBS_set=
ac_cv_env_LIBS_value=
ac_cv_env_build_alias_set=
ac_cv_env_build_alias_value=
ac_cv_env_host_alias_set=
ac_cv_env_host_alias_value=
ac_cv_env_target_alias_set=
ac_cv_env_target_alias_value=
ac_cv_func__doprnt=no
ac_cv_func_crypt=yes
ac_cv_func_epoll_create=yes
ac_cv_func_epoll_ctl=yes
ac_cv_func_epoll_wait=yes
ac_cv_func_fork=yes
ac_cv_func_fork_works=yes
ac_cv_func_getaddrinfo=yes
ac_cv_func_getdtablesize=yes
ac_cv_func_gethostbyaddr=yes
ac_cv_func_gethostbyname=yes
ac_cv_func_getnameinfo=yes
ac_cv_func_getpagesize=yes
ac_cv_func_getrusage=yes
ac_cv_func_gettimeofday=yes
ac_cv_func_inet_ntop=yes
ac_cv_func_inet_pton=yes
ac_cv_func_kevent=no
ac_cv_func_kqueue=no
ac_cv_func_localtime_r=yes
ac_cv_func_log2=yes
ac_cv_func_nanosleep=yes
ac_cv_func_select=yes
ac_cv_func_setitimer=yes
ac_cv_func_setrlimit=yes
ac_cv_func_socket=yes
ac_cv_func_srandom=yes
ac_cv_func_tzset=yes
ac_cv_func_usleep=yes
ac_cv_func_vfork=yes
ac_cv_func_vfork_works=yes
ac_cv_func_vprintf=yes
ac_cv_have_decl_sys_siglist=yes
ac_cv_header_arpa_inet_h=yes
ac_cv_header_dirent_dirent_h=yes
ac_cv_header_errno_h=yes
ac_cv_header_fcntl_h=yes
ac_cv_header_fenv_h=yes
ac_cv_header_float_h=yes
ac_cv_header_fpu_control_h=yes
ac_cv_header_ieeefp_h=no
ac_cv_header_inttypes_h=yes
ac_cv_header_limits_h=yes
ac_cv_header_malloc_h=yes
ac_cv_header_memory_h=yes
ac_cv_header_minix_config_h=no
ac_cv_header_netdb_h=yes
ac_cv_header_netinet_in_h=yes
ac_cv_header_stdc=yes
ac_cv_header_stddef_h=yes
ac_cv_header_stdint_h=yes
ac_cv_header_stdlib_h=yes
ac_cv_header_string_h=yes
ac_cv_header_strings_h=yes
ac_cv_header_sys_epoll_h=yes
ac_cv_header_sys_event_h=no
ac_cv_header_sys_fcntl_h=yes
ac_cv_header_sys_file_h=yes
ac_cv_header_sys_ioctl_h=yes
ac_cv_header_sys_param_h=yes
ac_cv_header_sys_select_h=yes
ac_cv_header_sys_socket_h=yes
ac_cv_header_sys_stat_h=yes
ac_cv_header_sys_time_h=yes
ac_cv_header_sys_types_h=yes
ac_cv_header_sys_wait_h=yes
ac_cv_header_time=yes
ac_cv_header_unistd_h=yes
ac_cv_header_vfork_h=no
ac_cv_host=x86_64-unknown-linux-gnu
ac_cv_member_struct_tm_tm_zone=yes
ac_cv_objext=o
ac_cv_path_EGREP='/usr/bin/grep -E'
ac_cv_path_GREP=/usr/bin/grep
ac_cv_prog_CPP='gcc -E'
ac_cv_prog_CXXCPP='g++ -E'
ac_cv_prog_ac_ct_CC=gcc
ac_cv_prog_ac_ct_CXX=g++
ac_cv_prog_cc_c89=
ac_cv_prog_cc_g=yes
ac_cv_prog_cxx_g=yes
ac_cv_safe_to_define___extensions__=yes
ac_cv_search_crypt=-lcrypt
ac_cv_search_dlopen=-ldl
ac_cv_search_gethostbyname='none required'
ac_cv_search_inet_addr='none required'
ac_cv_search_opendir='none required'
ac_cv_search_socket='none required'
ac_cv_search_sqrt=-lm
ac_cv_search_strerror='none required'
ac_cv_sizeof_int=4
ac_cv_sizeof_long=8
ac_cv_sizeof_long_long=8
ac_cv_sizeof_short=2
ac_cv_sizeof_unsigned_int=4
ac_cv_sizeof_unsigned_long=8
ac_cv_sizeof_unsigned_long_long=8
ac_cv_sizeof_unsigned_short=2
ac_cv_sizeof_void_p=8
ac_cv_struct_tm=time.h
ac_cv_type_off_t=yes
ac_cv_type_pid_t=yes
ac_cv_type_size_t=yes

## ----------------- ##
## Output variables. ##
## ----------------- ##

CC='gcc'
CFLAGS='-g -O2'
CPP='gcc -E'
CPPFLAGS=''
CXX='g++'
CXXCPP='g++ -E'
CXXFLAGS='-g -O2'
DEFS='-DHAVE_CONFIG_H'
DEPRECATED=''
DL_LIB='-ldl'
DYNAMICLIB_CPPFLAGS='-shared -fPIC'
DYNAMICLIB_EXT='so'
DYNAMICLIB_TARGET='libmux.so'
ECHO_C=''
ECHO_N='-n'
ECHO_T=''
EGREP='/usr/bin/grep -E'
EXEEXT=''
FIRANLIBS=''
FIRANMUX=''
GREP='/usr/bin/grep'
INLINESQL=''
INLINESQL_INCLUDE=''
INLINESQL_LIBPATH=''
INLINESQL_LIBS=''
LDFLAGS=''
LIBOBJS=''
LIBS='-lm -lcrypt '
LTLIBOBJS=''
MEMORY_BASED=''
MUX_LIBS='-lmux'
OBJEXT='o'
PACKAGE_BUGREPORT='tinymux@googlegroups.com'
PACKAGE_NAME='TinyMUX'
PACKAGE_STRING='TinyMUX 2.12'
PACKAGE_TARNAME='tinymux'
PACKAGE_URL=''
PACKAGE_VERSION='2.12'
PATH_SEPARATOR=':'
REALITY_LVLS=''
REALITY_OBJ=''
REALITY_SRC=''
SELFCHECK=''
SHELL='/bin/sh'
SSL=''
SSL_LIBS=''
STUBSLAVE_TARGET='stubslave'
STUB_SLAVE='-DSTUB_SLAVE'
WOD_REALMS=''
ac_ct_CC='gcc'
ac_ct_CXX='g++'
bindir='${exec_prefix}/bin'
build='x86_64-unknown-linux-gnu'
build_alias=''
build_cpu='x86_64'
build_os='linux-gnu'
build_vendor='unknown'
datadir='${datarootdir}'
datarootdir='${prefix}/share'
docdir='${datarootdir}/doc/${PACKAGE_TARNAME}'
dvidir='${docdir}'
exec_prefix='${prefix}'
host='x86_64-unknown-linux-gnu'
host_alias=''
host_cpu='x86_64'
host_os='linux-gnu'
host_vendor='unknown'
htmldir='${docdir}'
includedir='${prefix}/include'
infodir='${datarootdir}/info'
libdir='${exec_prefix}/lib'
libexecdir='${exec_prefix}/libexec'
localedir='${datarootdir}/locale'
localstatedir='${prefix}/var'
mandir='${datarootdir}/man'
oldincludedir='/usr/include'
pdfdir='${docdir}'
prefix='/usr/local'
program_transform_name='s,x,x,'
psdir='${docdir}'
sbindir='${exec_prefix}/sbin'
sharedstatedir='${prefix}/com'
subdirs=' modules'
sysconfdir='${prefix}/etc'
target_alias=''

## ----------- ##
## confdefs.h. ##
## ----------- ##

/* confdefs.h */
#define PACKAGE_NAME "TinyMUX"
#define PACKAGE_TARNAME "tinymux"
#define PACKAGE_VERSION "2.12"
#define PACKAGE_STRING "TinyMUX 2.12"
#define PACKAGE_BUGREPORT "tinymux@googlegroups.com"
#define PACKAGE_URL ""
#define STDC_HEADERS 1
#define HAVE_SYS_TYPES_H 1
#define HAVE_SYS_STAT_H 1
#define HAVE_STDLIB_H 1
#define HAVE_STRING_H 1
#define HAVE_MEMORY_H 1
#define HAVE_STRINGS_H 1
#define HAVE_INTTYPES_H 1
#define HAVE_STDINT_H 1
#define HAVE_UNISTD_H 1
#define __EXTENSIONS__ 1
#define _ALL_SOURCE 1
#define _GNU_SOURCE 1
#define _POSIX_PTHREAD_SEMANTICS 1
#define _TANDEM_SOURCE 1
#define HAVE_DLOPEN /**/
#define HAVE_DIRENT_H 1
#define STDC_HEADERS 1
#define TIME_WITH_SYS_TIME 1
#define HAVE_SYS_WAIT_H 1
#define HAVE_UNISTD_H 1
#define HAVE_STDDEF_H 1
#define HAVE_MEMORY_H 1
#define HAVE_STRING_H 1
#define HAVE_ERRNO_H 1
#define HAVE_MALLOC_H 1
#define HAVE_SYS_SELECT_H 1
#define HAVE_SYS_EPOLL_H 1
#define HAVE_FCNTL_H 1
#define HAVE_LIMITS_H 1
#define HAVE_SYS_FILE_H 1
#define HAVE_SYS_IOCTL_H 1
#define HAVE_SYS_TYPES_H 1
#define HAVE_SYS_TIME_H 1
#define HAVE_SYS_STAT_H 1
#define HAVE_SYS_PARAM_H 1
#define HAVE_SYS_FCNTL_H 1
#define HAVE_FPU_CONTROL_H 1
#define HAVE_FENV_H 1
#define HAVE_FLOAT_H 1
#define HAVE_NETINET_IN_H 1
#define HAVE_ARPA_INET_H 1
#define HAVE_NETDB_H 1
#define HAVE_SYS_SOCKET_H 1
#define HAVE_STRUCT_SIGCONTEXT /**/
#define MALLOC_IN_STDLIB_H /**/
#define EXTENDED_STDIO_DCLS /**/
#define EXTENDED_SOCKET_DCLS /**/
#define HAVE_STRUCT_TM_TM_ZONE 1
#define HAVE_TM_ZONE 1
#define SIZEOF_SHORT 2
#define SIZEOF_UNSIGNED_SHORT 2
#define SIZEOF_INT 4
#define SIZEOF_UNSIGNED_INT 4
#define SIZEOF_LONG 8
#define SIZEOF_UNSIGNED_LONG 8
#define SIZEOF_LONG_LONG 8
#define SIZEOF_UNSIGNED_LONG_LONG 8
#define SIZEOF_VOID_P 8
#define SOCKLEN_T_DCL /**/
#define HAVE_DECL_SYS_SIGLIST 1
#define WORDS_LITTLEENDIAN /**/
#define HAVE_IN_ADDR_T /**/
#define HAVE_IN_ADDR /**/
#define HAVE_SOCKADDR_IN /**/
#define HAVE_IN6_ADDR /**/
#define HAVE_SOCKADDR_IN6 /**/
#define HAVE_SOCKADDR_STORAGE /**/
#define HAVE_VPRINTF 1
#define HAVE_FORK 1
#define HAVE_VFORK 1
#define HAVE_WORKING_VFORK 1
#define HAVE_WORKING_FORK 1
#define HAVE_CRYPT 1
#define HAVE_GETDTABLESIZE 1
#define HAVE_GETHOSTBYADDR 1
#define HAVE_GETHOSTBYNAME 1
#define HAVE_GETNAMEINFO 1
#define HAVE_GETADDRINFO 1
#define HAVE_INET_NTOP 1
#define HAVE_INET_PTON 1
#define HAVE_GETPAGESIZE 1
#define HAVE_GETRUSAGE 1
#define HAVE_GETTIMEOFDAY 1
#define HAVE_LOCALTIME_R 1
#define HAVE_NANOSLEEP 1
#define HAVE_SELECT 1
#define HAVE_SETITIMER 1
#define HAVE_SETRLIMIT 1
#define HAVE_SOCKET 1
#define HAVE_SRANDOM 1
#define HAVE_TZSET 1
#define HAVE_USLEEP 1
#define HAVE_LOG2 1
#define HAVE_EPOLL_CREATE 1
#define HAVE_EPOLL_CTL 1
#define HAVE_EPOLL_WAIT 1
#define HAVE_PREAD /**/
#define HAVE_PWRITE /**/
#define SIGNAL_SIGCHLD_BRAINDAMAGE /**/
#define HAVE_IEEE_FP_FORMAT /**/
#define HAVE_IEEE_FP_SNAN /**/
#define SMALLEST_INT_GTE_NEG_QUOTIENT /**/
#define CAN_UNALIGN_SHORT /**/
#define CAN_UNALIGN_INT /**/
#define CAN_UNALIGN_LONG /**/
#define CAN_UNALIGN_LONGLONG /**/
#define HAVE_LINGER /**/
#define HAVE_DEV_URANDOM /**/

configure: exit 0
