This file contains any messages produced by compilers while
running configure, to aid debugging if configure makes a mistake.

It was created by TinyMUX configure 2.12, which was
generated by GNU Autoconf 2.68.  Invocation command line was

  $ ./configure --disable-option-checking --prefix=/usr/local --enable-stubslave --cache-file=/dev/null --srcdir=.

## --------- ##
## Platform. ##
## --------- ##

hostname = Yui
uname -m = x86_64
uname -r = 4.3.3-3-ARCH
uname -s = Linux
uname -v = #1 SMP PREEMPT Wed Jan 20 08:12:23 CET 2016

/usr/bin/uname -p = unknown
/bin/uname -X     = unknown

/bin/arch              = unknown
/usr/bin/arch -k       = unknown
/usr/convex/getsysinfo = unknown
/usr/bin/hostinfo      = unknown
/bin/machine           = unknown
/usr/bin/oslevel       = unknown
/bin/universe          = unknown

PATH: /usr/local/sbin
PATH: /usr/local/bin
PATH: /usr/bin
PATH: /usr/lib/jvm/default/bin
PATH: /usr/bin/site_perl
PATH: /usr/bin/vendor_perl
PATH: /usr/bin/core_perl


## ----------- ##
## Core tests. ##
## ----------- ##

configure:2118: checking for location of SQL header files
configure:2133: result: /usr/include/mysql
configure:2149: checking for location of SQL library files
configure:2164: result: /usr/lib/mysql
configure:2240: checking for g++
configure:2256: found /usr/bin/g++
configure:2267: result: g++
configure:2294: checking for C++ compiler version
configure:2303: g++ --version >&5
g++ (GCC) 5.3.0
Copyright (C) 2015 Free Software Foundation, Inc.
This is free software; see the source for copying conditions.  There is NO
warranty; not even for MERCHANTABILITY or FITNESS FOR A PARTICULAR PURPOSE.

configure:2314: $? = 0
configure:2303: g++ -v >&5
Using built-in specs.
COLLECT_GCC=g++
COLLECT_LTO_WRAPPER=/usr/lib/gcc/x86_64-unknown-linux-gnu/5.3.0/lto-wrapper
Target: x86_64-unknown-linux-gnu
Configured with: /build/gcc/src/gcc-5.3.0/configure --prefix=/usr --libdir=/usr/lib --libexecdir=/usr/lib --mandir=/usr/share/man --infodir=/usr/share/info --with-bugurl=https://bugs.archlinux.org/ --enable-languages=c,c++,ada,fortran,go,lto,objc,obj-c++ --enable-shared --enable-threads=posix --enable-libmpx --with-system-zlib --with-isl --enable-__cxa_atexit --disable-libunwind-exceptions --enable-clocale=gnu --disable-libstdcxx-pch --disable-libssp --enable-gnu-unique-object --enable-linker-build-id --enable-lto --enable-plugin --enable-install-libiberty --with-linker-hash-style=gnu --enable-gnu-indirect-function --disable-multilib --disable-werror --enable-checking=release
Thread model: posix
gcc version 5.3.0 (GCC) 
configure:2314: $? = 0
configure:2303: g++ -V >&5
g++: error: unrecognized command line option '-V'
g++: fatal error: no input files
compilation terminated.
configure:2314: $? = 1
configure:2303: g++ -qversion >&5
g++: error: unrecognized command line option '-qversion'
g++: fatal error: no input files
compilation terminated.
configure:2314: $? = 1
configure:2334: checking whether the C++ compiler works
configure:2356: g++    conftest.cpp  >&5
configure:2360: $? = 0
configure:2408: result: yes
configure:2411: checking for C++ compiler default output file name
configure:2413: result: a.out
configure:2419: checking for suffix of executables
configure:2426: g++ -o conftest    conftest.cpp  >&5
configure:2430: $? = 0
configure:2452: result: 
configure:2474: checking whether we are cross compiling
configure:2482: g++ -o conftest    conftest.cpp  >&5
configure:2486: $? = 0
configure:2493: ./conftest
configure:2497: $? = 0
configure:2512: result: no
configure:2517: checking for suffix of object files
configure:2539: g++ -c   conftest.cpp >&5
configure:2543: $? = 0
configure:2564: result: o
configure:2568: checking whether we are using the GNU C++ compiler
configure:2587: g++ -c   conftest.cpp >&5
configure:2587: $? = 0
configure:2596: result: yes
configure:2605: checking whether g++ accepts -g
configure:2625: g++ -c -g  conftest.cpp >&5
configure:2625: $? = 0
configure:2666: result: yes
configure:2694: checking how to run the C++ preprocessor
configure:2721: g++ -E  conftest.cpp
configure:2721: $? = 0
configure:2735: g++ -E  conftest.cpp
conftest.cpp:9:28: fatal error: ac_nonexistent.h: No such file or directory
compilation terminated.
configure:2735: $? = 1
configure: failed program was:
| /* confdefs.h */
| #define PACKAGE_NAME "TinyMUX"
| #define PACKAGE_TARNAME "tinymux"
| #define PACKAGE_VERSION "2.12"
| #define PACKAGE_STRING "TinyMUX 2.12"
| #define PACKAGE_BUGREPORT "tinymux@googlegroups.com"
| #define PACKAGE_URL ""
| /* end confdefs.h.  */
| #include <ac_nonexistent.h>
configure:2760: result: g++ -E
configure:2780: g++ -E  conftest.cpp
configure:2780: $? = 0
configure:2794: g++ -E  conftest.cpp
conftest.cpp:9:28: fatal error: ac_nonexistent.h: No such file or directory
compilation terminated.
configure:2794: $? = 1
configure: failed program was:
| /* confdefs.h */
| #define PACKAGE_NAME "TinyMUX"
| #define PACKAGE_TARNAME "tinymux"
| #define PACKAGE_VERSION "2.12"
| #define PACKAGE_STRING "TinyMUX 2.12"
| #define PACKAGE_BUGREPORT "tinymux@googlegroups.com"
| #define PACKAGE_URL ""
| /* end confdefs.h.  */
| #include <ac_nonexistent.h>
configure:2870: checking for gcc
configure:2886: found /usr/bin/gcc
configure:2897: result: gcc
configure:3126: checking for C compiler version
configure:3135: gcc --version >&5
gcc (GCC) 5.3.0
Copyright (C) 2015 Free Software Foundation, Inc.
This is free software; see the source for copying conditions.  There is NO
warranty; not even for MERCHANTABILITY or FITNESS FOR A PARTICULAR PURPOSE.

configure:3146: $? = 0
configure:3135: gcc -v >&5
Using built-in specs.
COLLECT_GCC=gcc
COLLECT_LTO_WRAPPER=/usr/lib/gcc/x86_64-unknown-linux-gnu/5.3.0/lto-wrapper
Target: x86_64-unknown-linux-gnu
Configured with: /build/gcc/src/gcc-5.3.0/configure --prefix=/usr --libdir=/usr/lib --libexecdir=/usr/lib --mandir=/usr/share/man --infodir=/usr/share/info --with-bugurl=https://bugs.archlinux.org/ --enable-languages=c,c++,ada,fortran,go,lto,objc,obj-c++ --enable-shared --enable-threads=posix --enable-libmpx --with-system-zlib --with-isl --enable-__cxa_atexit --disable-libunwind-exceptions --enable-clocale=gnu --disable-libstdcxx-pch --disable-libssp --enable-gnu-unique-object --enable-linker-build-id --enable-lto --enable-plugin --enable-install-libiberty --with-linker-hash-style=gnu --enable-gnu-indirect-function --disable-multilib --disable-werror --enable-checking=release
Thread model: posix
gcc version 5.3.0 (GCC) 
configure:3146: $? = 0
configure:3135: gcc -V >&5
gcc: error: unrecognized command line option '-V'
gcc: fatal error: no input files
compilation terminated.
configure:3146: $? = 1
configure:3135: gcc -qversion >&5
gcc: error: unrecognized command line option '-qversion'
gcc: fatal error: no input files
compilation terminated.
configure:3146: $? = 1
configure:3150: checking whether we are using the GNU C compiler
configure:3169: gcc -c   conftest.c >&5
configure:3169: $? = 0
configure:3178: result: yes
configure:3187: checking whether gcc accepts -g
configure:3207: gcc -c -g  conftest.c >&5
configure:3207: $? = 0
configure:3248: result: yes
configure:3265: checking for gcc option to accept ISO C89
configure:3329: gcc  -c -g -O2  conftest.c >&5
configure:3329: $? = 0
configure:3342: result: none needed
configure:3367: checking how to run the C preprocessor
configure:3398: gcc -E  conftest.c
configure:3398: $? = 0
configure:3412: gcc -E  conftest.c
conftest.c:9:28: fatal error: ac_nonexistent.h: No such file or directory
compilation terminated.
configure:3412: $? = 1
configure: failed program was:
| /* confdefs.h */
| #define PACKAGE_NAME "TinyMUX"
| #define PACKAGE_TARNAME "tinymux"
| #define PACKAGE_VERSION "2.12"
| #define PACKAGE_STRING "TinyMUX 2.12"
| #define PACKAGE_BUGREPORT "tinymux@googlegroups.com"
| #define PACKAGE_URL ""
| /* end confdefs.h.  */
| #include <ac_nonexistent.h>
configure:3437: result: gcc -E
configure:3457: gcc -E  conftest.c
configure:3457: $? = 0
configure:3471: gcc -E  conftest.c
conftest.c:9:28: fatal error: ac_nonexistent.h: No such file or directory
compilation terminated.
configure:3471: $? = 1
configure: failed program was:
| /* confdefs.h */
| #define PACKAGE_NAME "TinyMUX"
| #define PACKAGE_TARNAME "tinymux"
| #define PACKAGE_VERSION "2.12"
| #define PACKAGE_STRING "TinyMUX 2.12"
| #define PACKAGE_BUGREPORT "tinymux@googlegroups.com"
| #define PACKAGE_URL ""
| /* end confdefs.h.  */
| #include <ac_nonexistent.h>
configure:3532: checking build system type
configure:3546: result: x86_64-unknown-linux-gnu
configure:3566: checking host system type
configure:3579: result: x86_64-unknown-linux-gnu
configure:3601: checking for grep that handles long lines and -e
configure:3659: result: /usr/bin/grep
configure:3664: checking for egrep
configure:3726: result: /usr/bin/grep -E
configure:3731: checking for ANSI C header files
configure:3751: gcc -c -g -O2  conftest.c >&5
configure:3751: $? = 0
configure:3824: gcc -o conftest -g -O2   conftest.c  >&5
configure:3824: $? = 0
configure:3824: ./conftest
configure:3824: $? = 0
configure:3835: result: yes
configure:3848: checking for sys/types.h
configure:3848: gcc -c -g -O2  conftest.c >&5
configure:3848: $? = 0
configure:3848: result: yes
configure:3848: checking for sys/stat.h
configure:3848: gcc -c -g -O2  conftest.c >&5
configure:3848: $? = 0
configure:3848: result: yes
configure:3848: checking for stdlib.h
configure:3848: gcc -c -g -O2  conftest.c >&5
configure:3848: $? = 0
configure:3848: result: yes
configure:3848: checking for string.h
configure:3848: gcc -c -g -O2  conftest.c >&5
configure:3848: $? = 0
configure:3848: result: yes
configure:3848: checking for memory.h
configure:3848: gcc -c -g -O2  conftest.c >&5
configure:3848: $? = 0
configure:3848: result: yes
configure:3848: checking for strings.h
configure:3848: gcc -c -g -O2  conftest.c >&5
configure:3848: $? = 0
configure:3848: result: yes
configure:3848: checking for inttypes.h
configure:3848: gcc -c -g -O2  conftest.c >&5
configure:3848: $? = 0
configure:3848: result: yes
configure:3848: checking for stdint.h
configure:3848: gcc -c -g -O2  conftest.c >&5
configure:3848: $? = 0
configure:3848: result: yes
configure:3848: checking for unistd.h
configure:3848: gcc -c -g -O2  conftest.c >&5
configure:3848: $? = 0
configure:3848: result: yes
configure:3861: checking minix/config.h usability
configure:3861: gcc -c -g -O2  conftest.c >&5
conftest.c:52:26: fatal error: minix/config.h: No such file or directory
compilation terminated.
configure:3861: $? = 1
configure: failed program was:
| /* confdefs.h */
| #define PACKAGE_NAME "TinyMUX"
| #define PACKAGE_TARNAME "tinymux"
| #define PACKAGE_VERSION "2.12"
| #define PACKAGE_STRING "TinyMUX 2.12"
| #define PACKAGE_BUGREPORT "tinymux@googlegroups.com"
| #define PACKAGE_URL ""
| #define STDC_HEADERS 1
| #define HAVE_SYS_TYPES_H 1
| #define HAVE_SYS_STAT_H 1
| #define HAVE_STDLIB_H 1
| #define HAVE_STRING_H 1
| #define HAVE_MEMORY_H 1
| #define HAVE_STRINGS_H 1
| #define HAVE_INTTYPES_H 1
| #define HAVE_STDINT_H 1
| #define HAVE_UNISTD_H 1
| /* end confdefs.h.  */
| #include <stdio.h>
| #ifdef HAVE_SYS_TYPES_H
| # include <sys/types.h>
| #endif
| #ifdef HAVE_SYS_STAT_H
| # include <sys/stat.h>
| #endif
| #ifdef STDC_HEADERS
| # include <stdlib.h>
| # include <stddef.h>
| #else
| # ifdef HAVE_STDLIB_H
| #  include <stdlib.h>
| # endif
| #endif
| #ifdef HAVE_STRING_H
| # if !defined STDC_HEADERS && defined HAVE_MEMORY_H
| #  include <memory.h>
| # endif
| # include <string.h>
| #endif
| #ifdef HAVE_STRINGS_H
| # include <strings.h>
| #endif
| #ifdef HAVE_INTTYPES_H
| # include <inttypes.h>
| #endif
| #ifdef HAVE_STDINT_H
| # include <stdint.h>
| #endif
| #ifdef HAVE_UNISTD_H
| # include <unistd.h>
| #endif
| #include <minix/config.h>
configure:3861: result: no
configure:3861: checking minix/config.h presence
configure:3861: gcc -E  conftest.c
conftest.c:19:26: fatal error: minix/config.h: No such file or directory
compilation terminated.
configure:3861: $? = 1
configure: failed program was:
| /* confdefs.h */
| #define PACKAGE_NAME "TinyMUX"
| #define PACKAGE_TARNAME "tinymux"
| #define PACKAGE_VERSION "2.12"
| #define PACKAGE_STRING "TinyMUX 2.12"
| #define PACKAGE_BUGREPORT "tinymux@googlegroups.com"
| #define PACKAGE_URL ""
| #define STDC_HEADERS 1
| #define HAVE_SYS_TYPES_H 1
| #define HAVE_SYS_STAT_H 1
| #define HAVE_STDLIB_H 1
| #define HAVE_STRING_H 1
| #define HAVE_MEMORY_H 1
| #define HAVE_STRINGS_H 1
| #define HAVE_INTTYPES_H 1
| #define HAVE_STDINT_H 1
| #define HAVE_UNISTD_H 1
| /* end confdefs.h.  */
| #include <minix/config.h>
configure:3861: result: no
configure:3861: checking for minix/config.h
configure:3861: result: no
configure:3882: checking whether it is safe to define __EXTENSIONS__
configure:3900: gcc -c -g -O2  conftest.c >&5
configure:3900: $? = 0
configure:3907: result: yes
configure:3926: checking for library containing strerror
configure:3957: gcc -o conftest -g -O2   conftest.c  >&5
configure:3957: $? = 0
configure:3974: result: none required
configure:3982: checking for library containing sqrt
configure:4013: gcc -o conftest -g -O2   conftest.c  >&5
conftest.c:31:6: warning: conflicting types for built-in function 'sqrt'
 char sqrt ();
      ^
/tmp/ccdTIMZP.o: In function `main':
/media/Github/tinymux/mux/src/modules/conftest.c:35: undefined reference to `sqrt'
collect2: error: ld returned 1 exit status
configure:4013: $? = 1
configure: failed program was:
| /* confdefs.h */
| #define PACKAGE_NAME "TinyMUX"
| #define PACKAGE_TARNAME "tinymux"
| #define PACKAGE_VERSION "2.12"
| #define PACKAGE_STRING "TinyMUX 2.12"
| #define PACKAGE_BUGREPORT "tinymux@googlegroups.com"
| #define PACKAGE_URL ""
| #define STDC_HEADERS 1
| #define HAVE_SYS_TYPES_H 1
| #define HAVE_SYS_STAT_H 1
| #define HAVE_STDLIB_H 1
| #define HAVE_STRING_H 1
| #define HAVE_MEMORY_H 1
| #define HAVE_STRINGS_H 1
| #define HAVE_INTTYPES_H 1
| #define HAVE_STDINT_H 1
| #define HAVE_UNISTD_H 1
| #define __EXTENSIONS__ 1
| #define _ALL_SOURCE 1
| #define _GNU_SOURCE 1
| #define _POSIX_PTHREAD_SEMANTICS 1
| #define _TANDEM_SOURCE 1
| /* end confdefs.h.  */
| 
| /* Override any GCC internal prototype to avoid an error.
|    Use char because int might match the return type of a GCC
|    builtin and then its argument prototype would still apply.  */
| #ifdef __cplusplus
| extern "C"
| #endif
| char sqrt ();
| int
| main ()
| {
| return sqrt ();
|   ;
|   return 0;
| }
configure:4013: gcc -o conftest -g -O2   conftest.c -lm   >&5
conftest.c:31:6: warning: conflicting types for built-in function 'sqrt'
 char sqrt ();
      ^
configure:4013: $? = 0
configure:4030: result: -lm
configure:4042: checking for main in -lmysqlclient
configure:4061: gcc -o conftest -g -O2   -L/usr/lib/mysql conftest.c -lmysqlclient  -lm  >&5
configure:4061: $? = 0
configure:4070: result: yes
configure:4089: checking for dlopen
configure:4091: checking for library containing dlopen
configure:4122: gcc -o conftest -g -O2   conftest.c -lm  >&5
/tmp/ccOOmLs0.o: In function `main':
/media/Github/tinymux/mux/src/modules/conftest.c:37: undefined reference to `dlopen'
collect2: error: ld returned 1 exit status
configure:4122: $? = 1
configure: failed program was:
| /* confdefs.h */
| #define PACKAGE_NAME "TinyMUX"
| #define PACKAGE_TARNAME "tinymux"
| #define PACKAGE_VERSION "2.12"
| #define PACKAGE_STRING "TinyMUX 2.12"
| #define PACKAGE_BUGREPORT "tinymux@googlegroups.com"
| #define PACKAGE_URL ""
| #define STDC_HEADERS 1
| #define HAVE_SYS_TYPES_H 1
| #define HAVE_SYS_STAT_H 1
| #define HAVE_STDLIB_H 1
| #define HAVE_STRING_H 1
| #define HAVE_MEMORY_H 1
| #define HAVE_STRINGS_H 1
| #define HAVE_INTTYPES_H 1
| #define HAVE_STDINT_H 1
| #define HAVE_UNISTD_H 1
| #define __EXTENSIONS__ 1
| #define _ALL_SOURCE 1
| #define _GNU_SOURCE 1
| #define _POSIX_PTHREAD_SEMANTICS 1
| #define _TANDEM_SOURCE 1
| #define HAVE_LIBMYSQLCLIENT 1
| #define HAVE_MYSQL /**/
| /* end confdefs.h.  */
| 
| /* Override any GCC internal prototype to avoid an error.
|    Use char because int might match the return type of a GCC
|    builtin and then its argument prototype would still apply.  */
| #ifdef __cplusplus
| extern "C"
| #endif
| char dlopen ();
| int
| main ()
| {
| return dlopen ();
|   ;
|   return 0;
| }
configure:4122: gcc -o conftest -g -O2   conftest.c -ldl  -lm  >&5
configure:4122: $? = 0
configure:4139: result: -ldl
configure:4165: gcc -o conftest -g -O2   conftest.c -ldl -lm  >&5
configure:4165: $? = 0
configure:4193: checking for dirent.h that defines DIR
configure:4212: gcc -c -g -O2  conftest.c >&5
configure:4212: $? = 0
configure:4220: result: yes
configure:4233: checking for library containing opendir
configure:4264: gcc -o conftest -g -O2   conftest.c -ldl -lm  >&5
configure:4264: $? = 0
configure:4281: result: none required
configure:4348: checking for ANSI C header files
configure:4452: result: yes
configure:4460: checking whether time.h and sys/time.h may both be included
configure:4480: gcc -c -g -O2  conftest.c >&5
configure:4480: $? = 0
configure:4487: result: yes
configure:4508: gcc -c -g -O2  -I/usr/include/mysql conftest.c >&5
configure:4508: $? = 0
configure:4632: creating ./config.status

## ---------------------- ##
## Running config.status. ##
## ---------------------- ##

This file was extended by TinyMUX config.status 2.12, which was
generated by GNU Autoconf 2.68.  Invocation command line was

  CONFIG_FILES    = 
  CONFIG_HEADERS  = 
  CONFIG_LINKS    = 
  CONFIG_COMMANDS = 
  $ ./config.status 

on Yui

config.status:839: creating Makefile
config.status:839: creating autoconf.h
config.status:1009: autoconf.h is unchanged

## ---------------- ##
## Cache variables. ##
## ---------------- ##

ac_cv_build=x86_64-unknown-linux-gnu
ac_cv_c_compiler_gnu=yes
ac_cv_cxx_compiler_gnu=yes
ac_cv_env_CCC_set=
ac_cv_env_CCC_value=
ac_cv_env_CC_set=
ac_cv_env_CC_value=
ac_cv_env_CFLAGS_set=
ac_cv_env_CFLAGS_value=
ac_cv_env_CPPFLAGS_set=
ac_cv_env_CPPFLAGS_value=
ac_cv_env_CPP_set=
ac_cv_env_CPP_value=
ac_cv_env_CXXCPP_set=
ac_cv_env_CXXCPP_value=
ac_cv_env_CXXFLAGS_set=
ac_cv_env_CXXFLAGS_value=
ac_cv_env_CXX_set=
ac_cv_env_CXX_value=
ac_cv_env_LDFLAGS_set=
ac_cv_env_LDFLAGS_value=
ac_cv_env_LIBS_set=
ac_cv_env_LIBS_value=
ac_cv_env_build_alias_set=
ac_cv_env_build_alias_value=
ac_cv_env_host_alias_set=
ac_cv_env_host_alias_value=
ac_cv_env_target_alias_set=
ac_cv_env_target_alias_value=
ac_cv_header_dirent_dirent_h=yes
ac_cv_header_inttypes_h=yes
ac_cv_header_memory_h=yes
ac_cv_header_minix_config_h=no
ac_cv_header_stdc=yes
ac_cv_header_stdint_h=yes
ac_cv_header_stdlib_h=yes
ac_cv_header_string_h=yes
ac_cv_header_strings_h=yes
ac_cv_header_sys_stat_h=yes
ac_cv_header_sys_types_h=yes
ac_cv_header_time=yes
ac_cv_header_unistd_h=yes
ac_cv_host=x86_64-unknown-linux-gnu
ac_cv_lib_mysqlclient_main=yes
ac_cv_objext=o
ac_cv_path_EGREP='/usr/bin/grep -E'
ac_cv_path_GREP=/usr/bin/grep
ac_cv_prog_CPP='gcc -E'
ac_cv_prog_CXXCPP='g++ -E'
ac_cv_prog_ac_ct_CC=gcc
ac_cv_prog_ac_ct_CXX=g++
ac_cv_prog_cc_c89=
ac_cv_prog_cc_g=yes
ac_cv_prog_cxx_g=yes
ac_cv_safe_to_define___extensions__=yes
ac_cv_search_dlopen=-ldl
ac_cv_search_opendir='none required'
ac_cv_search_sqrt=-lm
ac_cv_search_strerror='none required'

## ----------------- ##
## Output variables. ##
## ----------------- ##

CC='gcc'
CFLAGS='-g -O2'
CPP='gcc -E'
CPPFLAGS=''
CXX='g++'
CXXCPP='g++ -E'
CXXFLAGS='-g -O2'
DEFS='-DHAVE_CONFIG_H'
ECHO_C=''
ECHO_N='-n'
ECHO_T=''
EGREP='/usr/bin/grep -E'
EXEEXT=''
GREP='/usr/bin/grep'
LDFLAGS=''
LIBOBJS=''
LIBS='-ldl -lm '
LTLIBOBJS=''
MODULE_CPPFLAGS='-shared -fPIC -O -g'
MODULE_EXT='so'
MUX_LIBS='-lmux'
OBJEXT='o'
PACKAGE_BUGREPORT='tinymux@googlegroups.com'
PACKAGE_NAME='TinyMUX'
PACKAGE_STRING='TinyMUX 2.12'
PACKAGE_TARNAME='tinymux'
PACKAGE_URL=''
PACKAGE_VERSION='2.12'
PATH_SEPARATOR=':'
SHELL='/bin/sh'
SQL_INCLUDE='-I/usr/include/mysql'
SQL_LIBPATH='-L/usr/lib/mysql'
SQL_LIBS='-lmysqlclient -lz'
ac_ct_CC='gcc'
ac_ct_CXX='g++'
bindir='${exec_prefix}/bin'
build='x86_64-unknown-linux-gnu'
build_alias=''
build_cpu='x86_64'
build_os='linux-gnu'
build_vendor='unknown'
datadir='${datarootdir}'
datarootdir='${prefix}/share'
docdir='${datarootdir}/doc/${PACKAGE_TARNAME}'
dvidir='${docdir}'
exec_prefix='${prefix}'
host='x86_64-unknown-linux-gnu'
host_alias=''
host_cpu='x86_64'
host_os='linux-gnu'
host_vendor='unknown'
htmldir='${docdir}'
includedir='${prefix}/include'
infodir='${datarootdir}/info'
libdir='${exec_prefix}/lib'
libexecdir='${exec_prefix}/libexec'
localedir='${datarootdir}/locale'
localstatedir='${prefix}/var'
mandir='${datarootdir}/man'
oldincludedir='/usr/include'
pdfdir='${docdir}'
prefix='/usr/local'
program_transform_name='s,x,x,'
psdir='${docdir}'
sbindir='${exec_prefix}/sbin'
sharedstatedir='${prefix}/com'
sysconfdir='${prefix}/etc'
target_alias=''

## ----------- ##
## confdefs.h. ##
## ----------- ##

/* confdefs.h */
#define PACKAGE_NAME "TinyMUX"
#define PACKAGE_TARNAME "tinymux"
#define PACKAGE_VERSION "2.12"
#define PACKAGE_STRING "TinyMUX 2.12"
#define PACKAGE_BUGREPORT "tinymux@googlegroups.com"
#define PACKAGE_URL ""
#define STDC_HEADERS 1
#define HAVE_SYS_TYPES_H 1
#define HAVE_SYS_STAT_H 1
#define HAVE_STDLIB_H 1
#define HAVE_STRING_H 1
#define HAVE_MEMORY_H 1
#define HAVE_STRINGS_H 1
#define HAVE_INTTYPES_H 1
#define HAVE_STDINT_H 1
#define HAVE_UNISTD_H 1
#define __EXTENSIONS__ 1
#define _ALL_SOURCE 1
#define _GNU_SOURCE 1
#define _POSIX_PTHREAD_SEMANTICS 1
#define _TANDEM_SOURCE 1
#define HAVE_LIBMYSQLCLIENT 1
#define HAVE_MYSQL /**/
#define HAVE_DLOPEN /**/
#define HAVE_DIRENT_H 1
#define STDC_HEADERS 1
#define TIME_WITH_SYS_TIME 1
#define HAVE_MYSQL_H /**/

configure: exit 0
